Started GET "/" for 127.0.0.1 at 2018-01-25 12:40:41 -0500
  [1m[35m (3.0ms)[0m  [1m[34mSELECT "schema_migrations"."version" FROM "schema_migrations" ORDER BY "schema_migrations"."version" ASC[0m
  
ActiveRecord::PendingMigrationError (

Migrations are pending. To resolve this issue, run:

        bin/rails db:migrate RAILS_ENV=development

):
  
activerecord (5.1.4) lib/active_record/migration.rb:576:in `check_pending!'
activerecord (5.1.4) lib/active_record/migration.rb:553:in `call'
actionpack (5.1.4) lib/action_dispatch/middleware/callbacks.rb:26:in `block in call'
activesupport (5.1.4) lib/active_support/callbacks.rb:97:in `run_callbacks'
actionpack (5.1.4) lib/action_dispatch/middleware/callbacks.rb:24:in `call'
actionpack (5.1.4) lib/action_dispatch/middleware/executor.rb:12:in `call'
actionpack (5.1.4) lib/action_dispatch/middleware/debug_exceptions.rb:59:in `call'
actionpack (5.1.4) lib/action_dispatch/middleware/show_exceptions.rb:31:in `call'
railties (5.1.4) lib/rails/rack/logger.rb:36:in `call_app'
railties (5.1.4) lib/rails/rack/logger.rb:24:in `block in call'
activesupport (5.1.4) lib/active_support/tagged_logging.rb:69:in `block in tagged'
activesupport (5.1.4) lib/active_support/tagged_logging.rb:26:in `tagged'
activesupport (5.1.4) lib/active_support/tagged_logging.rb:69:in `tagged'
railties (5.1.4) lib/rails/rack/logger.rb:24:in `call'
actionpack (5.1.4) lib/action_dispatch/middleware/remote_ip.rb:79:in `call'
actionpack (5.1.4) lib/action_dispatch/middleware/request_id.rb:25:in `call'
rack (2.0.3) lib/rack/runtime.rb:22:in `call'
activesupport (5.1.4) lib/active_support/cache/strategy/local_cache_middleware.rb:27:in `call'
actionpack (5.1.4) lib/action_dispatch/middleware/executor.rb:12:in `call'
actionpack (5.1.4) lib/action_dispatch/middleware/static.rb:125:in `call'
rack (2.0.3) lib/rack/sendfile.rb:111:in `call'
rack-cors (1.0.2) lib/rack/cors.rb:97:in `call'
railties (5.1.4) lib/rails/engine.rb:522:in `call'
puma (3.11.2) lib/puma/configuration.rb:225:in `call'
puma (3.11.2) lib/puma/server.rb:624:in `handle_request'
puma (3.11.2) lib/puma/server.rb:438:in `process_client'
puma (3.11.2) lib/puma/server.rb:302:in `block in run'
puma (3.11.2) lib/puma/thread_pool.rb:120:in `block in spawn_thread'
  [1m[35m (0.6ms)[0m  [1m[34mSELECT pg_try_advisory_lock(6540698671463456430)[0m
  [1m[35m (0.7ms)[0m  [1m[34mSELECT "schema_migrations"."version" FROM "schema_migrations" ORDER BY "schema_migrations"."version" ASC[0m
Migrating to AddLikesToPlayers (20180116154211)
  [1m[35m (0.2ms)[0m  [1m[35mBEGIN[0m
  [1m[35m (24.1ms)[0m  [1m[35mALTER TABLE "players" ADD "likes" integer DEFAULT 0[0m
  [1m[35mSQL (0.4ms)[0m  [1m[32mINSERT INTO "schema_migrations" ("version") VALUES ($1) RETURNING "version"[0m  [["version", "20180116154211"]]
  [1m[35m (2.7ms)[0m  [1m[35mCOMMIT[0m
  [1m[36mActiveRecord::InternalMetadata Load (1.2ms)[0m  [1m[34mSELECT  "ar_internal_metadata".* FROM "ar_internal_metadata" WHERE "ar_internal_metadata"."key" = $1 LIMIT $2[0m  [["key", "environment"], ["LIMIT", 1]]
  [1m[35m (0.2ms)[0m  [1m[35mBEGIN[0m
  [1m[35m (0.1ms)[0m  [1m[35mCOMMIT[0m
  [1m[35m (0.3ms)[0m  [1m[34mSELECT pg_advisory_unlock(6540698671463456430)[0m
  [1m[35m (0.2ms)[0m  [1m[34mSELECT "schema_migrations"."version" FROM "schema_migrations" ORDER BY "schema_migrations"."version" ASC[0m
  [1m[35m (0.8ms)[0m  [1m[34mSELECT "schema_migrations"."version" FROM "schema_migrations" ORDER BY "schema_migrations"."version" ASC[0m
  [1m[35m (0.2ms)[0m  [1m[35mBEGIN[0m
  [1m[35mSQL (1.9ms)[0m  [1m[32mINSERT INTO "teams" ("name", "wins", "losses", "logo_url", "created_at", "updated_at") VALUES ($1, $2, $3, $4, $5, $6) RETURNING "id"[0m  [["name", "Warriors"], ["wins", 40], ["losses", 40], ["logo_url", "http://images.contentful.com/a4rx79jcl3n1/2N9qqpVHvqsQoisAAgAeGE/8ad3772823f592851acd87193b9a910f/logo-gsw-primary-blue.svg"], ["created_at", "2018-01-25 17:40:58.213494"], ["updated_at", "2018-01-25 17:40:58.213494"]]
  [1m[35m (0.4ms)[0m  [1m[35mCOMMIT[0m
  [1m[35m (0.1ms)[0m  [1m[35mBEGIN[0m
  [1m[35mSQL (0.3ms)[0m  [1m[32mINSERT INTO "teams" ("name", "wins", "losses", "logo_url", "created_at", "updated_at") VALUES ($1, $2, $3, $4, $5, $6) RETURNING "id"[0m  [["name", "Celtics"], ["wins", 40], ["losses", 40], ["logo_url", "https://pbs.twimg.com/profile_images/2815110476/033393c13e6dec0fd6cc5006453fbeb5_400x400.png"], ["created_at", "2018-01-25 17:40:58.217930"], ["updated_at", "2018-01-25 17:40:58.217930"]]
  [1m[35m (0.3ms)[0m  [1m[35mCOMMIT[0m
  [1m[35m (0.1ms)[0m  [1m[35mBEGIN[0m
  [1m[35mSQL (0.3ms)[0m  [1m[32mINSERT INTO "teams" ("name", "wins", "losses", "logo_url", "created_at", "updated_at") VALUES ($1, $2, $3, $4, $5, $6) RETURNING "id"[0m  [["name", "Lakers"], ["wins", 40], ["losses", 40], ["logo_url", "https://pbs.twimg.com/profile_images/923604432830439424/PmmLpTom.jpg"], ["created_at", "2018-01-25 17:40:58.219800"], ["updated_at", "2018-01-25 17:40:58.219800"]]
  [1m[35m (0.3ms)[0m  [1m[35mCOMMIT[0m
  [1m[35m (0.1ms)[0m  [1m[35mBEGIN[0m
  [1m[35mSQL (0.3ms)[0m  [1m[32mINSERT INTO "teams" ("name", "wins", "losses", "logo_url", "created_at", "updated_at") VALUES ($1, $2, $3, $4, $5, $6) RETURNING "id"[0m  [["name", "Blue Devils"], ["wins", 40], ["losses", 40], ["logo_url", "http://www.hufsd.edu/assets/images/2017/april/modal-4_04c.jpg"], ["created_at", "2018-01-25 17:40:58.221637"], ["updated_at", "2018-01-25 17:40:58.221637"]]
  [1m[35m (0.3ms)[0m  [1m[35mCOMMIT[0m
  [1m[35m (0.1ms)[0m  [1m[35mBEGIN[0m
  [1m[35mSQL (0.3ms)[0m  [1m[32mINSERT INTO "teams" ("name", "wins", "losses", "logo_url", "created_at", "updated_at") VALUES ($1, $2, $3, $4, $5, $6) RETURNING "id"[0m  [["name", "Manchester United"], ["wins", 40], ["losses", 40], ["logo_url", "https://www.hcltech.com/sites/default/files/left_mu.png"], ["created_at", "2018-01-25 17:40:58.223488"], ["updated_at", "2018-01-25 17:40:58.223488"]]
  [1m[35m (0.3ms)[0m  [1m[35mCOMMIT[0m
  [1m[35m (0.2ms)[0m  [1m[35mBEGIN[0m
  [1m[35mSQL (1.1ms)[0m  [1m[32mINSERT INTO "players" ("name", "height", "weight", "image_url", "created_at", "updated_at", "team_id", "likes") VALUES ($1, $2, $3, $4, $5, $6, $7, $8) RETURNING "id"[0m  [["name", "Kyrie Irving"], ["height", 190], ["weight", 200], ["image_url", "http://a.espncdn.com/combiner/i?img=/i/headshots/nba/players/full/6442.png&w=350&h=254"], ["created_at", "2018-01-25 17:40:58.241556"], ["updated_at", "2018-01-25 17:40:58.241556"], ["team_id", 2], ["likes", 5]]
  [1m[35m (0.4ms)[0m  [1m[35mCOMMIT[0m
  [1m[35m (0.1ms)[0m  [1m[35mBEGIN[0m
  [1m[35mSQL (0.3ms)[0m  [1m[32mINSERT INTO "players" ("name", "height", "weight", "image_url", "created_at", "updated_at", "team_id", "likes") VALUES ($1, $2, $3, $4, $5, $6, $7, $8) RETURNING "id"[0m  [["name", "Al Horford"], ["height", 210], ["weight", 200], ["image_url", "http://a.espncdn.com/combiner/i?img=/i/headshots/nba/players/full/3213.png&w=350&h=254"], ["created_at", "2018-01-25 17:40:58.244988"], ["updated_at", "2018-01-25 17:40:58.244988"], ["team_id", 2], ["likes", 5]]
  [1m[35m (0.3ms)[0m  [1m[35mCOMMIT[0m
  [1m[35m (0.1ms)[0m  [1m[35mBEGIN[0m
  [1m[35mSQL (0.4ms)[0m  [1m[32mINSERT INTO "players" ("name", "height", "weight", "image_url", "created_at", "updated_at", "team_id", "likes") VALUES ($1, $2, $3, $4, $5, $6, $7, $8) RETURNING "id"[0m  [["name", "Paul Pogba"], ["height", 190], ["weight", 200], ["image_url", "https://platform-static-files.s3.amazonaws.com/premierleague/photos/players/250x250/p74208.png"], ["created_at", "2018-01-25 17:40:58.246976"], ["updated_at", "2018-01-25 17:40:58.246976"], ["team_id", 5], ["likes", 5]]
  [1m[35m (0.3ms)[0m  [1m[35mCOMMIT[0m
  [1m[35m (0.1ms)[0m  [1m[35mBEGIN[0m
  [1m[35mSQL (0.3ms)[0m  [1m[32mINSERT INTO "players" ("name", "height", "weight", "image_url", "created_at", "updated_at", "team_id", "likes") VALUES ($1, $2, $3, $4, $5, $6, $7, $8) RETURNING "id"[0m  [["name", "David De Gea"], ["height", 190], ["weight", 200], ["image_url", "https://platform-static-files.s3.amazonaws.com/premierleague/photos/players/250x250/p51940.png"], ["created_at", "2018-01-25 17:40:58.248959"], ["updated_at", "2018-01-25 17:40:58.248959"], ["team_id", 5], ["likes", 5]]
  [1m[35m (0.4ms)[0m  [1m[35mCOMMIT[0m
  [1m[35m (0.1ms)[0m  [1m[35mBEGIN[0m
  [1m[35mSQL (0.3ms)[0m  [1m[32mINSERT INTO "players" ("name", "height", "weight", "image_url", "created_at", "updated_at", "team_id", "likes") VALUES ($1, $2, $3, $4, $5, $6, $7, $8) RETURNING "id"[0m  [["name", "Zlatan Ibrahimovic"], ["height", 190], ["weight", 200], ["image_url", "https://platform-static-files.s3.amazonaws.com/premierleague/photos/players/250x250/p9808.png"], ["created_at", "2018-01-25 17:40:58.251379"], ["updated_at", "2018-01-25 17:40:58.251379"], ["team_id", 5], ["likes", 5]]
  [1m[35m (0.4ms)[0m  [1m[35mCOMMIT[0m
  [1m[35m (0.1ms)[0m  [1m[35mBEGIN[0m
  [1m[35mSQL (0.3ms)[0m  [1m[32mINSERT INTO "players" ("name", "height", "weight", "image_url", "created_at", "updated_at", "team_id", "likes") VALUES ($1, $2, $3, $4, $5, $6, $7, $8) RETURNING "id"[0m  [["name", "Kobe Bryant"], ["height", 200], ["weight", 200], ["image_url", "http://a.espncdn.com/combiner/i?img=/i/headshots/nba/players/full/110.png&w=350&h=254"], ["created_at", "2018-01-25 17:40:58.253566"], ["updated_at", "2018-01-25 17:40:58.253566"], ["team_id", 3], ["likes", 5]]
  [1m[35m (0.4ms)[0m  [1m[35mCOMMIT[0m
  [1m[35m (0.1ms)[0m  [1m[35mBEGIN[0m
  [1m[35mSQL (0.3ms)[0m  [1m[32mINSERT INTO "players" ("name", "height", "weight", "image_url", "created_at", "updated_at", "team_id", "likes") VALUES ($1, $2, $3, $4, $5, $6, $7, $8) RETURNING "id"[0m  [["name", "Kyle Kuzma"], ["height", 200], ["weight", 200], ["image_url", "http://a.espncdn.com/combiner/i?img=/i/headshots/nba/players/full/3134907.png&w=350&h=254"], ["created_at", "2018-01-25 17:40:58.255476"], ["updated_at", "2018-01-25 17:40:58.255476"], ["team_id", 3], ["likes", 5]]
  [1m[35m (0.4ms)[0m  [1m[35mCOMMIT[0m
  [1m[35m (0.1ms)[0m  [1m[35mBEGIN[0m
  [1m[35mSQL (0.3ms)[0m  [1m[32mINSERT INTO "players" ("name", "height", "weight", "image_url", "created_at", "updated_at", "team_id", "likes") VALUES ($1, $2, $3, $4, $5, $6, $7, $8) RETURNING "id"[0m  [["name", "Stephen Curry"], ["height", 200], ["weight", 200], ["image_url", "http://a.espncdn.com/combiner/i?img=/i/headshots/nba/players/full/3975.png&w=350&h=254"], ["created_at", "2018-01-25 17:40:58.257500"], ["updated_at", "2018-01-25 17:40:58.257500"], ["team_id", 1], ["likes", 5]]
  [1m[35m (0.4ms)[0m  [1m[35mCOMMIT[0m
  [1m[35m (0.2ms)[0m  [1m[35mBEGIN[0m
  [1m[35mSQL (0.4ms)[0m  [1m[32mINSERT INTO "players" ("name", "height", "weight", "image_url", "created_at", "updated_at", "team_id", "likes") VALUES ($1, $2, $3, $4, $5, $6, $7, $8) RETURNING "id"[0m  [["name", "Kevin Durant"], ["height", 200], ["weight", 200], ["image_url", "http://a.espncdn.com/combiner/i?img=/i/headshots/nba/players/full/3202.png&w=350&h=254"], ["created_at", "2018-01-25 17:40:58.259456"], ["updated_at", "2018-01-25 17:40:58.259456"], ["team_id", 1], ["likes", 5]]
  [1m[35m (0.3ms)[0m  [1m[35mCOMMIT[0m
  [1m[35m (0.1ms)[0m  [1m[35mBEGIN[0m
  [1m[35mSQL (0.4ms)[0m  [1m[32mINSERT INTO "players" ("name", "height", "weight", "image_url", "created_at", "updated_at", "team_id", "likes") VALUES ($1, $2, $3, $4, $5, $6, $7, $8) RETURNING "id"[0m  [["name", "Klay Thompson"], ["height", 200], ["weight", 200], ["image_url", "http://a.espncdn.com/combiner/i?img=/i/headshots/nba/players/full/6475.png&w=350&h=254"], ["created_at", "2018-01-25 17:40:58.261688"], ["updated_at", "2018-01-25 17:40:58.261688"], ["team_id", 1], ["likes", 5]]
  [1m[35m (0.3ms)[0m  [1m[35mCOMMIT[0m
Started GET "/" for 127.0.0.1 at 2018-01-25 12:41:07 -0500
  [1m[35m (1.8ms)[0m  [1m[34mSELECT "schema_migrations"."version" FROM "schema_migrations" ORDER BY "schema_migrations"."version" ASC[0m
  
ActionController::RoutingError (uninitialized constant HomeController):
  
activesupport (5.1.4) lib/active_support/inflector/methods.rb:269:in `const_get'
activesupport (5.1.4) lib/active_support/inflector/methods.rb:269:in `block in constantize'
activesupport (5.1.4) lib/active_support/inflector/methods.rb:267:in `each'
activesupport (5.1.4) lib/active_support/inflector/methods.rb:267:in `inject'
activesupport (5.1.4) lib/active_support/inflector/methods.rb:267:in `constantize'
actionpack (5.1.4) lib/action_dispatch/http/request.rb:85:in `controller_class_for'
actionpack (5.1.4) lib/action_dispatch/http/request.rb:78:in `controller_class'
actionpack (5.1.4) lib/action_dispatch/routing/route_set.rb:43:in `controller'
actionpack (5.1.4) lib/action_dispatch/routing/route_set.rb:29:in `serve'
actionpack (5.1.4) lib/action_dispatch/journey/router.rb:50:in `block in serve'
actionpack (5.1.4) lib/action_dispatch/journey/router.rb:33:in `each'
actionpack (5.1.4) lib/action_dispatch/journey/router.rb:33:in `serve'
actionpack (5.1.4) lib/action_dispatch/routing/route_set.rb:834:in `call'
rack (2.0.3) lib/rack/session/abstract/id.rb:232:in `context'
rack (2.0.3) lib/rack/session/abstract/id.rb:226:in `call'
actionpack (5.1.4) lib/action_dispatch/middleware/cookies.rb:613:in `call'
rack (2.0.3) lib/rack/method_override.rb:22:in `call'
warden (1.2.7) lib/warden/manager.rb:36:in `block in call'
warden (1.2.7) lib/warden/manager.rb:35:in `catch'
warden (1.2.7) lib/warden/manager.rb:35:in `call'
rack (2.0.3) lib/rack/etag.rb:25:in `call'
rack (2.0.3) lib/rack/conditional_get.rb:25:in `call'
rack (2.0.3) lib/rack/head.rb:12:in `call'
activerecord (5.1.4) lib/active_record/migration.rb:556:in `call'
actionpack (5.1.4) lib/action_dispatch/middleware/callbacks.rb:26:in `block in call'
activesupport (5.1.4) lib/active_support/callbacks.rb:97:in `run_callbacks'
actionpack (5.1.4) lib/action_dispatch/middleware/callbacks.rb:24:in `call'
actionpack (5.1.4) lib/action_dispatch/middleware/executor.rb:12:in `call'
actionpack (5.1.4) lib/action_dispatch/middleware/debug_exceptions.rb:59:in `call'
actionpack (5.1.4) lib/action_dispatch/middleware/show_exceptions.rb:31:in `call'
railties (5.1.4) lib/rails/rack/logger.rb:36:in `call_app'
railties (5.1.4) lib/rails/rack/logger.rb:24:in `block in call'
activesupport (5.1.4) lib/active_support/tagged_logging.rb:69:in `block in tagged'
activesupport (5.1.4) lib/active_support/tagged_logging.rb:26:in `tagged'
activesupport (5.1.4) lib/active_support/tagged_logging.rb:69:in `tagged'
railties (5.1.4) lib/rails/rack/logger.rb:24:in `call'
actionpack (5.1.4) lib/action_dispatch/middleware/remote_ip.rb:79:in `call'
actionpack (5.1.4) lib/action_dispatch/middleware/request_id.rb:25:in `call'
rack (2.0.3) lib/rack/runtime.rb:22:in `call'
activesupport (5.1.4) lib/active_support/cache/strategy/local_cache_middleware.rb:27:in `call'
actionpack (5.1.4) lib/action_dispatch/middleware/executor.rb:12:in `call'
actionpack (5.1.4) lib/action_dispatch/middleware/static.rb:125:in `call'
rack (2.0.3) lib/rack/sendfile.rb:111:in `call'
rack-cors (1.0.2) lib/rack/cors.rb:97:in `call'
railties (5.1.4) lib/rails/engine.rb:522:in `call'
puma (3.11.2) lib/puma/configuration.rb:225:in `call'
puma (3.11.2) lib/puma/server.rb:624:in `handle_request'
puma (3.11.2) lib/puma/server.rb:438:in `process_client'
puma (3.11.2) lib/puma/server.rb:302:in `block in run'
puma (3.11.2) lib/puma/thread_pool.rb:120:in `block in spawn_thread'
Started GET "/api/students" for 127.0.0.1 at 2018-01-25 12:41:26 -0500
  
ActionController::RoutingError (No route matches [GET] "/api/students"):
  
actionpack (5.1.4) lib/action_dispatch/middleware/debug_exceptions.rb:63:in `call'
actionpack (5.1.4) lib/action_dispatch/middleware/show_exceptions.rb:31:in `call'
railties (5.1.4) lib/rails/rack/logger.rb:36:in `call_app'
railties (5.1.4) lib/rails/rack/logger.rb:24:in `block in call'
activesupport (5.1.4) lib/active_support/tagged_logging.rb:69:in `block in tagged'
activesupport (5.1.4) lib/active_support/tagged_logging.rb:26:in `tagged'
activesupport (5.1.4) lib/active_support/tagged_logging.rb:69:in `tagged'
railties (5.1.4) lib/rails/rack/logger.rb:24:in `call'
actionpack (5.1.4) lib/action_dispatch/middleware/remote_ip.rb:79:in `call'
actionpack (5.1.4) lib/action_dispatch/middleware/request_id.rb:25:in `call'
rack (2.0.3) lib/rack/runtime.rb:22:in `call'
activesupport (5.1.4) lib/active_support/cache/strategy/local_cache_middleware.rb:27:in `call'
actionpack (5.1.4) lib/action_dispatch/middleware/executor.rb:12:in `call'
actionpack (5.1.4) lib/action_dispatch/middleware/static.rb:125:in `call'
rack (2.0.3) lib/rack/sendfile.rb:111:in `call'
rack-cors (1.0.2) lib/rack/cors.rb:97:in `call'
railties (5.1.4) lib/rails/engine.rb:522:in `call'
puma (3.11.2) lib/puma/configuration.rb:225:in `call'
puma (3.11.2) lib/puma/server.rb:624:in `handle_request'
puma (3.11.2) lib/puma/server.rb:438:in `process_client'
puma (3.11.2) lib/puma/server.rb:302:in `block in run'
puma (3.11.2) lib/puma/thread_pool.rb:120:in `block in spawn_thread'
Started GET "/api" for 127.0.0.1 at 2018-01-25 12:41:30 -0500
  
ActionController::RoutingError (No route matches [GET] "/api"):
  
actionpack (5.1.4) lib/action_dispatch/middleware/debug_exceptions.rb:63:in `call'
actionpack (5.1.4) lib/action_dispatch/middleware/show_exceptions.rb:31:in `call'
railties (5.1.4) lib/rails/rack/logger.rb:36:in `call_app'
railties (5.1.4) lib/rails/rack/logger.rb:24:in `block in call'
activesupport (5.1.4) lib/active_support/tagged_logging.rb:69:in `block in tagged'
activesupport (5.1.4) lib/active_support/tagged_logging.rb:26:in `tagged'
activesupport (5.1.4) lib/active_support/tagged_logging.rb:69:in `tagged'
railties (5.1.4) lib/rails/rack/logger.rb:24:in `call'
actionpack (5.1.4) lib/action_dispatch/middleware/remote_ip.rb:79:in `call'
actionpack (5.1.4) lib/action_dispatch/middleware/request_id.rb:25:in `call'
rack (2.0.3) lib/rack/runtime.rb:22:in `call'
activesupport (5.1.4) lib/active_support/cache/strategy/local_cache_middleware.rb:27:in `call'
actionpack (5.1.4) lib/action_dispatch/middleware/executor.rb:12:in `call'
actionpack (5.1.4) lib/action_dispatch/middleware/static.rb:125:in `call'
rack (2.0.3) lib/rack/sendfile.rb:111:in `call'
rack-cors (1.0.2) lib/rack/cors.rb:97:in `call'
railties (5.1.4) lib/rails/engine.rb:522:in `call'
puma (3.11.2) lib/puma/configuration.rb:225:in `call'
puma (3.11.2) lib/puma/server.rb:624:in `handle_request'
puma (3.11.2) lib/puma/server.rb:438:in `process_client'
puma (3.11.2) lib/puma/server.rb:302:in `block in run'
puma (3.11.2) lib/puma/thread_pool.rb:120:in `block in spawn_thread'
Started GET "/api/players" for 127.0.0.1 at 2018-01-25 12:41:39 -0500
Processing by Api::PlayersController#index as HTML
  [1m[36mPlayer Load (0.8ms)[0m  [1m[34mSELECT "players".* FROM "players"[0m
Completed 200 OK in 69ms (Views: 35.5ms | ActiveRecord: 24.9ms)


Started GET "/api/teams" for 127.0.0.1 at 2018-01-25 12:41:44 -0500
Processing by Api::TeamsController#index as HTML
  [1m[36mTeam Load (1.3ms)[0m  [1m[34mSELECT "teams".* FROM "teams"[0m
Completed 200 OK in 45ms (Views: 20.4ms | ActiveRecord: 15.8ms)


Started GET "/api/players" for 127.0.0.1 at 2018-01-25 12:41:52 -0500
Processing by Api::PlayersController#index as HTML
  [1m[36mPlayer Load (0.8ms)[0m  [1m[34mSELECT "players".* FROM "players"[0m
Completed 200 OK in 9ms (Views: 8.0ms | ActiveRecord: 0.8ms)


Started GET "/" for 127.0.0.1 at 2018-01-25 12:43:16 -0500
  
ActionController::RoutingError (uninitialized constant HomeController):
  
activesupport (5.1.4) lib/active_support/inflector/methods.rb:269:in `const_get'
activesupport (5.1.4) lib/active_support/inflector/methods.rb:269:in `block in constantize'
activesupport (5.1.4) lib/active_support/inflector/methods.rb:267:in `each'
activesupport (5.1.4) lib/active_support/inflector/methods.rb:267:in `inject'
activesupport (5.1.4) lib/active_support/inflector/methods.rb:267:in `constantize'
actionpack (5.1.4) lib/action_dispatch/http/request.rb:85:in `controller_class_for'
actionpack (5.1.4) lib/action_dispatch/http/request.rb:78:in `controller_class'
actionpack (5.1.4) lib/action_dispatch/routing/route_set.rb:43:in `controller'
actionpack (5.1.4) lib/action_dispatch/routing/route_set.rb:29:in `serve'
actionpack (5.1.4) lib/action_dispatch/journey/router.rb:50:in `block in serve'
actionpack (5.1.4) lib/action_dispatch/journey/router.rb:33:in `each'
actionpack (5.1.4) lib/action_dispatch/journey/router.rb:33:in `serve'
actionpack (5.1.4) lib/action_dispatch/routing/route_set.rb:834:in `call'
rack (2.0.3) lib/rack/session/abstract/id.rb:232:in `context'
rack (2.0.3) lib/rack/session/abstract/id.rb:226:in `call'
actionpack (5.1.4) lib/action_dispatch/middleware/cookies.rb:613:in `call'
rack (2.0.3) lib/rack/method_override.rb:22:in `call'
warden (1.2.7) lib/warden/manager.rb:36:in `block in call'
warden (1.2.7) lib/warden/manager.rb:35:in `catch'
warden (1.2.7) lib/warden/manager.rb:35:in `call'
rack (2.0.3) lib/rack/etag.rb:25:in `call'
rack (2.0.3) lib/rack/conditional_get.rb:25:in `call'
rack (2.0.3) lib/rack/head.rb:12:in `call'
activerecord (5.1.4) lib/active_record/migration.rb:556:in `call'
actionpack (5.1.4) lib/action_dispatch/middleware/callbacks.rb:26:in `block in call'
activesupport (5.1.4) lib/active_support/callbacks.rb:97:in `run_callbacks'
actionpack (5.1.4) lib/action_dispatch/middleware/callbacks.rb:24:in `call'
actionpack (5.1.4) lib/action_dispatch/middleware/executor.rb:12:in `call'
actionpack (5.1.4) lib/action_dispatch/middleware/debug_exceptions.rb:59:in `call'
actionpack (5.1.4) lib/action_dispatch/middleware/show_exceptions.rb:31:in `call'
railties (5.1.4) lib/rails/rack/logger.rb:36:in `call_app'
railties (5.1.4) lib/rails/rack/logger.rb:24:in `block in call'
activesupport (5.1.4) lib/active_support/tagged_logging.rb:69:in `block in tagged'
activesupport (5.1.4) lib/active_support/tagged_logging.rb:26:in `tagged'
activesupport (5.1.4) lib/active_support/tagged_logging.rb:69:in `tagged'
railties (5.1.4) lib/rails/rack/logger.rb:24:in `call'
actionpack (5.1.4) lib/action_dispatch/middleware/remote_ip.rb:79:in `call'
actionpack (5.1.4) lib/action_dispatch/middleware/request_id.rb:25:in `call'
rack (2.0.3) lib/rack/runtime.rb:22:in `call'
activesupport (5.1.4) lib/active_support/cache/strategy/local_cache_middleware.rb:27:in `call'
actionpack (5.1.4) lib/action_dispatch/middleware/executor.rb:12:in `call'
actionpack (5.1.4) lib/action_dispatch/middleware/static.rb:125:in `call'
rack (2.0.3) lib/rack/sendfile.rb:111:in `call'
rack-cors (1.0.2) lib/rack/cors.rb:97:in `call'
railties (5.1.4) lib/rails/engine.rb:522:in `call'
puma (3.11.2) lib/puma/configuration.rb:225:in `call'
puma (3.11.2) lib/puma/server.rb:624:in `handle_request'
puma (3.11.2) lib/puma/server.rb:438:in `process_client'
puma (3.11.2) lib/puma/server.rb:302:in `block in run'
puma (3.11.2) lib/puma/thread_pool.rb:120:in `block in spawn_thread'
Started GET "/" for 127.0.0.1 at 2018-01-25 12:44:36 -0500
  
ActionController::RoutingError (uninitialized constant PlayersController):
  
activesupport (5.1.4) lib/active_support/inflector/methods.rb:269:in `const_get'
activesupport (5.1.4) lib/active_support/inflector/methods.rb:269:in `block in constantize'
activesupport (5.1.4) lib/active_support/inflector/methods.rb:267:in `each'
activesupport (5.1.4) lib/active_support/inflector/methods.rb:267:in `inject'
activesupport (5.1.4) lib/active_support/inflector/methods.rb:267:in `constantize'
actionpack (5.1.4) lib/action_dispatch/http/request.rb:85:in `controller_class_for'
actionpack (5.1.4) lib/action_dispatch/http/request.rb:78:in `controller_class'
actionpack (5.1.4) lib/action_dispatch/routing/route_set.rb:43:in `controller'
actionpack (5.1.4) lib/action_dispatch/routing/route_set.rb:29:in `serve'
actionpack (5.1.4) lib/action_dispatch/journey/router.rb:50:in `block in serve'
actionpack (5.1.4) lib/action_dispatch/journey/router.rb:33:in `each'
actionpack (5.1.4) lib/action_dispatch/journey/router.rb:33:in `serve'
actionpack (5.1.4) lib/action_dispatch/routing/route_set.rb:834:in `call'
rack (2.0.3) lib/rack/session/abstract/id.rb:232:in `context'
rack (2.0.3) lib/rack/session/abstract/id.rb:226:in `call'
actionpack (5.1.4) lib/action_dispatch/middleware/cookies.rb:613:in `call'
rack (2.0.3) lib/rack/method_override.rb:22:in `call'
warden (1.2.7) lib/warden/manager.rb:36:in `block in call'
warden (1.2.7) lib/warden/manager.rb:35:in `catch'
warden (1.2.7) lib/warden/manager.rb:35:in `call'
rack (2.0.3) lib/rack/etag.rb:25:in `call'
rack (2.0.3) lib/rack/conditional_get.rb:25:in `call'
rack (2.0.3) lib/rack/head.rb:12:in `call'
activerecord (5.1.4) lib/active_record/migration.rb:556:in `call'
actionpack (5.1.4) lib/action_dispatch/middleware/callbacks.rb:26:in `block in call'
activesupport (5.1.4) lib/active_support/callbacks.rb:97:in `run_callbacks'
actionpack (5.1.4) lib/action_dispatch/middleware/callbacks.rb:24:in `call'
actionpack (5.1.4) lib/action_dispatch/middleware/executor.rb:12:in `call'
actionpack (5.1.4) lib/action_dispatch/middleware/debug_exceptions.rb:59:in `call'
actionpack (5.1.4) lib/action_dispatch/middleware/show_exceptions.rb:31:in `call'
railties (5.1.4) lib/rails/rack/logger.rb:36:in `call_app'
railties (5.1.4) lib/rails/rack/logger.rb:24:in `block in call'
activesupport (5.1.4) lib/active_support/tagged_logging.rb:69:in `block in tagged'
activesupport (5.1.4) lib/active_support/tagged_logging.rb:26:in `tagged'
activesupport (5.1.4) lib/active_support/tagged_logging.rb:69:in `tagged'
railties (5.1.4) lib/rails/rack/logger.rb:24:in `call'
actionpack (5.1.4) lib/action_dispatch/middleware/remote_ip.rb:79:in `call'
actionpack (5.1.4) lib/action_dispatch/middleware/request_id.rb:25:in `call'
rack (2.0.3) lib/rack/runtime.rb:22:in `call'
activesupport (5.1.4) lib/active_support/cache/strategy/local_cache_middleware.rb:27:in `call'
actionpack (5.1.4) lib/action_dispatch/middleware/executor.rb:12:in `call'
actionpack (5.1.4) lib/action_dispatch/middleware/static.rb:125:in `call'
rack (2.0.3) lib/rack/sendfile.rb:111:in `call'
rack-cors (1.0.2) lib/rack/cors.rb:97:in `call'
railties (5.1.4) lib/rails/engine.rb:522:in `call'
puma (3.11.2) lib/puma/configuration.rb:225:in `call'
puma (3.11.2) lib/puma/server.rb:624:in `handle_request'
puma (3.11.2) lib/puma/server.rb:438:in `process_client'
puma (3.11.2) lib/puma/server.rb:302:in `block in run'
puma (3.11.2) lib/puma/thread_pool.rb:120:in `block in spawn_thread'
Started GET "/favicon.ico" for 127.0.0.1 at 2018-01-25 12:44:37 -0500
  
ActionController::RoutingError (No route matches [GET] "/favicon.ico"):
  
actionpack (5.1.4) lib/action_dispatch/middleware/debug_exceptions.rb:63:in `call'
actionpack (5.1.4) lib/action_dispatch/middleware/show_exceptions.rb:31:in `call'
railties (5.1.4) lib/rails/rack/logger.rb:36:in `call_app'
railties (5.1.4) lib/rails/rack/logger.rb:24:in `block in call'
activesupport (5.1.4) lib/active_support/tagged_logging.rb:69:in `block in tagged'
activesupport (5.1.4) lib/active_support/tagged_logging.rb:26:in `tagged'
activesupport (5.1.4) lib/active_support/tagged_logging.rb:69:in `tagged'
railties (5.1.4) lib/rails/rack/logger.rb:24:in `call'
actionpack (5.1.4) lib/action_dispatch/middleware/remote_ip.rb:79:in `call'
actionpack (5.1.4) lib/action_dispatch/middleware/request_id.rb:25:in `call'
rack (2.0.3) lib/rack/runtime.rb:22:in `call'
activesupport (5.1.4) lib/active_support/cache/strategy/local_cache_middleware.rb:27:in `call'
actionpack (5.1.4) lib/action_dispatch/middleware/executor.rb:12:in `call'
actionpack (5.1.4) lib/action_dispatch/middleware/static.rb:125:in `call'
rack (2.0.3) lib/rack/sendfile.rb:111:in `call'
rack-cors (1.0.2) lib/rack/cors.rb:97:in `call'
railties (5.1.4) lib/rails/engine.rb:522:in `call'
puma (3.11.2) lib/puma/configuration.rb:225:in `call'
puma (3.11.2) lib/puma/server.rb:624:in `handle_request'
puma (3.11.2) lib/puma/server.rb:438:in `process_client'
puma (3.11.2) lib/puma/server.rb:302:in `block in run'
puma (3.11.2) lib/puma/thread_pool.rb:120:in `block in spawn_thread'
Started GET "/" for 127.0.0.1 at 2018-01-25 12:44:39 -0500
  
ActionController::RoutingError (uninitialized constant PlayersController):
  
activesupport (5.1.4) lib/active_support/inflector/methods.rb:269:in `const_get'
activesupport (5.1.4) lib/active_support/inflector/methods.rb:269:in `block in constantize'
activesupport (5.1.4) lib/active_support/inflector/methods.rb:267:in `each'
activesupport (5.1.4) lib/active_support/inflector/methods.rb:267:in `inject'
activesupport (5.1.4) lib/active_support/inflector/methods.rb:267:in `constantize'
actionpack (5.1.4) lib/action_dispatch/http/request.rb:85:in `controller_class_for'
actionpack (5.1.4) lib/action_dispatch/http/request.rb:78:in `controller_class'
actionpack (5.1.4) lib/action_dispatch/routing/route_set.rb:43:in `controller'
actionpack (5.1.4) lib/action_dispatch/routing/route_set.rb:29:in `serve'
actionpack (5.1.4) lib/action_dispatch/journey/router.rb:50:in `block in serve'
actionpack (5.1.4) lib/action_dispatch/journey/router.rb:33:in `each'
actionpack (5.1.4) lib/action_dispatch/journey/router.rb:33:in `serve'
actionpack (5.1.4) lib/action_dispatch/routing/route_set.rb:834:in `call'
rack (2.0.3) lib/rack/session/abstract/id.rb:232:in `context'
rack (2.0.3) lib/rack/session/abstract/id.rb:226:in `call'
actionpack (5.1.4) lib/action_dispatch/middleware/cookies.rb:613:in `call'
rack (2.0.3) lib/rack/method_override.rb:22:in `call'
warden (1.2.7) lib/warden/manager.rb:36:in `block in call'
warden (1.2.7) lib/warden/manager.rb:35:in `catch'
warden (1.2.7) lib/warden/manager.rb:35:in `call'
rack (2.0.3) lib/rack/etag.rb:25:in `call'
rack (2.0.3) lib/rack/conditional_get.rb:25:in `call'
rack (2.0.3) lib/rack/head.rb:12:in `call'
activerecord (5.1.4) lib/active_record/migration.rb:556:in `call'
actionpack (5.1.4) lib/action_dispatch/middleware/callbacks.rb:26:in `block in call'
activesupport (5.1.4) lib/active_support/callbacks.rb:97:in `run_callbacks'
actionpack (5.1.4) lib/action_dispatch/middleware/callbacks.rb:24:in `call'
actionpack (5.1.4) lib/action_dispatch/middleware/executor.rb:12:in `call'
actionpack (5.1.4) lib/action_dispatch/middleware/debug_exceptions.rb:59:in `call'
actionpack (5.1.4) lib/action_dispatch/middleware/show_exceptions.rb:31:in `call'
railties (5.1.4) lib/rails/rack/logger.rb:36:in `call_app'
railties (5.1.4) lib/rails/rack/logger.rb:24:in `block in call'
activesupport (5.1.4) lib/active_support/tagged_logging.rb:69:in `block in tagged'
activesupport (5.1.4) lib/active_support/tagged_logging.rb:26:in `tagged'
activesupport (5.1.4) lib/active_support/tagged_logging.rb:69:in `tagged'
railties (5.1.4) lib/rails/rack/logger.rb:24:in `call'
actionpack (5.1.4) lib/action_dispatch/middleware/remote_ip.rb:79:in `call'
actionpack (5.1.4) lib/action_dispatch/middleware/request_id.rb:25:in `call'
rack (2.0.3) lib/rack/runtime.rb:22:in `call'
activesupport (5.1.4) lib/active_support/cache/strategy/local_cache_middleware.rb:27:in `call'
actionpack (5.1.4) lib/action_dispatch/middleware/executor.rb:12:in `call'
actionpack (5.1.4) lib/action_dispatch/middleware/static.rb:125:in `call'
rack (2.0.3) lib/rack/sendfile.rb:111:in `call'
rack-cors (1.0.2) lib/rack/cors.rb:97:in `call'
railties (5.1.4) lib/rails/engine.rb:522:in `call'
puma (3.11.2) lib/puma/configuration.rb:225:in `call'
puma (3.11.2) lib/puma/server.rb:624:in `handle_request'
puma (3.11.2) lib/puma/server.rb:438:in `process_client'
puma (3.11.2) lib/puma/server.rb:302:in `block in run'
puma (3.11.2) lib/puma/thread_pool.rb:120:in `block in spawn_thread'
Started GET "/" for 127.0.0.1 at 2018-01-25 12:45:03 -0500
  [1m[35m (0.8ms)[0m  [1m[34mSELECT "schema_migrations"."version" FROM "schema_migrations" ORDER BY "schema_migrations"."version" ASC[0m
  
ActionController::RoutingError (uninitialized constant PlayersController):
  
activesupport (5.1.4) lib/active_support/inflector/methods.rb:269:in `const_get'
activesupport (5.1.4) lib/active_support/inflector/methods.rb:269:in `block in constantize'
activesupport (5.1.4) lib/active_support/inflector/methods.rb:267:in `each'
activesupport (5.1.4) lib/active_support/inflector/methods.rb:267:in `inject'
activesupport (5.1.4) lib/active_support/inflector/methods.rb:267:in `constantize'
actionpack (5.1.4) lib/action_dispatch/http/request.rb:85:in `controller_class_for'
actionpack (5.1.4) lib/action_dispatch/http/request.rb:78:in `controller_class'
actionpack (5.1.4) lib/action_dispatch/routing/route_set.rb:43:in `controller'
actionpack (5.1.4) lib/action_dispatch/routing/route_set.rb:29:in `serve'
actionpack (5.1.4) lib/action_dispatch/journey/router.rb:50:in `block in serve'
actionpack (5.1.4) lib/action_dispatch/journey/router.rb:33:in `each'
actionpack (5.1.4) lib/action_dispatch/journey/router.rb:33:in `serve'
actionpack (5.1.4) lib/action_dispatch/routing/route_set.rb:834:in `call'
rack (2.0.3) lib/rack/session/abstract/id.rb:232:in `context'
rack (2.0.3) lib/rack/session/abstract/id.rb:226:in `call'
actionpack (5.1.4) lib/action_dispatch/middleware/cookies.rb:613:in `call'
rack (2.0.3) lib/rack/method_override.rb:22:in `call'
warden (1.2.7) lib/warden/manager.rb:36:in `block in call'
warden (1.2.7) lib/warden/manager.rb:35:in `catch'
warden (1.2.7) lib/warden/manager.rb:35:in `call'
rack (2.0.3) lib/rack/etag.rb:25:in `call'
rack (2.0.3) lib/rack/conditional_get.rb:25:in `call'
rack (2.0.3) lib/rack/head.rb:12:in `call'
activerecord (5.1.4) lib/active_record/migration.rb:556:in `call'
actionpack (5.1.4) lib/action_dispatch/middleware/callbacks.rb:26:in `block in call'
activesupport (5.1.4) lib/active_support/callbacks.rb:97:in `run_callbacks'
actionpack (5.1.4) lib/action_dispatch/middleware/callbacks.rb:24:in `call'
actionpack (5.1.4) lib/action_dispatch/middleware/executor.rb:12:in `call'
actionpack (5.1.4) lib/action_dispatch/middleware/debug_exceptions.rb:59:in `call'
actionpack (5.1.4) lib/action_dispatch/middleware/show_exceptions.rb:31:in `call'
railties (5.1.4) lib/rails/rack/logger.rb:36:in `call_app'
railties (5.1.4) lib/rails/rack/logger.rb:24:in `block in call'
activesupport (5.1.4) lib/active_support/tagged_logging.rb:69:in `block in tagged'
activesupport (5.1.4) lib/active_support/tagged_logging.rb:26:in `tagged'
activesupport (5.1.4) lib/active_support/tagged_logging.rb:69:in `tagged'
railties (5.1.4) lib/rails/rack/logger.rb:24:in `call'
actionpack (5.1.4) lib/action_dispatch/middleware/remote_ip.rb:79:in `call'
actionpack (5.1.4) lib/action_dispatch/middleware/request_id.rb:25:in `call'
rack (2.0.3) lib/rack/runtime.rb:22:in `call'
activesupport (5.1.4) lib/active_support/cache/strategy/local_cache_middleware.rb:27:in `call'
actionpack (5.1.4) lib/action_dispatch/middleware/executor.rb:12:in `call'
actionpack (5.1.4) lib/action_dispatch/middleware/static.rb:125:in `call'
rack (2.0.3) lib/rack/sendfile.rb:111:in `call'
rack-cors (1.0.2) lib/rack/cors.rb:97:in `call'
railties (5.1.4) lib/rails/engine.rb:522:in `call'
puma (3.11.2) lib/puma/configuration.rb:225:in `call'
puma (3.11.2) lib/puma/server.rb:624:in `handle_request'
puma (3.11.2) lib/puma/server.rb:438:in `process_client'
puma (3.11.2) lib/puma/server.rb:302:in `block in run'
puma (3.11.2) lib/puma/thread_pool.rb:120:in `block in spawn_thread'
Started GET "/" for 127.0.0.1 at 2018-01-25 12:45:06 -0500
  
ActionController::RoutingError (uninitialized constant PlayersController):
  
activesupport (5.1.4) lib/active_support/inflector/methods.rb:269:in `const_get'
activesupport (5.1.4) lib/active_support/inflector/methods.rb:269:in `block in constantize'
activesupport (5.1.4) lib/active_support/inflector/methods.rb:267:in `each'
activesupport (5.1.4) lib/active_support/inflector/methods.rb:267:in `inject'
activesupport (5.1.4) lib/active_support/inflector/methods.rb:267:in `constantize'
actionpack (5.1.4) lib/action_dispatch/http/request.rb:85:in `controller_class_for'
actionpack (5.1.4) lib/action_dispatch/http/request.rb:78:in `controller_class'
actionpack (5.1.4) lib/action_dispatch/routing/route_set.rb:43:in `controller'
actionpack (5.1.4) lib/action_dispatch/routing/route_set.rb:29:in `serve'
actionpack (5.1.4) lib/action_dispatch/journey/router.rb:50:in `block in serve'
actionpack (5.1.4) lib/action_dispatch/journey/router.rb:33:in `each'
actionpack (5.1.4) lib/action_dispatch/journey/router.rb:33:in `serve'
actionpack (5.1.4) lib/action_dispatch/routing/route_set.rb:834:in `call'
rack (2.0.3) lib/rack/session/abstract/id.rb:232:in `context'
rack (2.0.3) lib/rack/session/abstract/id.rb:226:in `call'
actionpack (5.1.4) lib/action_dispatch/middleware/cookies.rb:613:in `call'
rack (2.0.3) lib/rack/method_override.rb:22:in `call'
warden (1.2.7) lib/warden/manager.rb:36:in `block in call'
warden (1.2.7) lib/warden/manager.rb:35:in `catch'
warden (1.2.7) lib/warden/manager.rb:35:in `call'
rack (2.0.3) lib/rack/etag.rb:25:in `call'
rack (2.0.3) lib/rack/conditional_get.rb:25:in `call'
rack (2.0.3) lib/rack/head.rb:12:in `call'
activerecord (5.1.4) lib/active_record/migration.rb:556:in `call'
actionpack (5.1.4) lib/action_dispatch/middleware/callbacks.rb:26:in `block in call'
activesupport (5.1.4) lib/active_support/callbacks.rb:97:in `run_callbacks'
actionpack (5.1.4) lib/action_dispatch/middleware/callbacks.rb:24:in `call'
actionpack (5.1.4) lib/action_dispatch/middleware/executor.rb:12:in `call'
actionpack (5.1.4) lib/action_dispatch/middleware/debug_exceptions.rb:59:in `call'
actionpack (5.1.4) lib/action_dispatch/middleware/show_exceptions.rb:31:in `call'
railties (5.1.4) lib/rails/rack/logger.rb:36:in `call_app'
railties (5.1.4) lib/rails/rack/logger.rb:24:in `block in call'
activesupport (5.1.4) lib/active_support/tagged_logging.rb:69:in `block in tagged'
activesupport (5.1.4) lib/active_support/tagged_logging.rb:26:in `tagged'
activesupport (5.1.4) lib/active_support/tagged_logging.rb:69:in `tagged'
railties (5.1.4) lib/rails/rack/logger.rb:24:in `call'
actionpack (5.1.4) lib/action_dispatch/middleware/remote_ip.rb:79:in `call'
actionpack (5.1.4) lib/action_dispatch/middleware/request_id.rb:25:in `call'
rack (2.0.3) lib/rack/runtime.rb:22:in `call'
activesupport (5.1.4) lib/active_support/cache/strategy/local_cache_middleware.rb:27:in `call'
actionpack (5.1.4) lib/action_dispatch/middleware/executor.rb:12:in `call'
actionpack (5.1.4) lib/action_dispatch/middleware/static.rb:125:in `call'
rack (2.0.3) lib/rack/sendfile.rb:111:in `call'
rack-cors (1.0.2) lib/rack/cors.rb:97:in `call'
railties (5.1.4) lib/rails/engine.rb:522:in `call'
puma (3.11.2) lib/puma/configuration.rb:225:in `call'
puma (3.11.2) lib/puma/server.rb:624:in `handle_request'
puma (3.11.2) lib/puma/server.rb:438:in `process_client'
puma (3.11.2) lib/puma/server.rb:302:in `block in run'
puma (3.11.2) lib/puma/thread_pool.rb:120:in `block in spawn_thread'
Started GET "/" for 127.0.0.1 at 2018-01-25 12:45:29 -0500
Started GET "/" for 127.0.0.1 at 2018-01-25 12:45:39 -0500
  
  
ArgumentError (Missing :controller key on routes definition, please check your routes.):
ActionController::RoutingError (No route matches [GET] "/"):
  
  
config/routes.rb:4:in `block in <top (required)>'
config/routes.rb:1:in `<top (required)>'
actionpack (5.1.4) lib/action_dispatch/middleware/debug_exceptions.rb:63:in `call'
actionpack (5.1.4) lib/action_dispatch/middleware/show_exceptions.rb:31:in `call'
railties (5.1.4) lib/rails/rack/logger.rb:36:in `call_app'
railties (5.1.4) lib/rails/rack/logger.rb:24:in `block in call'
activesupport (5.1.4) lib/active_support/tagged_logging.rb:69:in `block in tagged'
activesupport (5.1.4) lib/active_support/tagged_logging.rb:26:in `tagged'
activesupport (5.1.4) lib/active_support/tagged_logging.rb:69:in `tagged'
railties (5.1.4) lib/rails/rack/logger.rb:24:in `call'
actionpack (5.1.4) lib/action_dispatch/middleware/remote_ip.rb:79:in `call'
actionpack (5.1.4) lib/action_dispatch/middleware/request_id.rb:25:in `call'
rack (2.0.3) lib/rack/runtime.rb:22:in `call'
activesupport (5.1.4) lib/active_support/cache/strategy/local_cache_middleware.rb:27:in `call'
actionpack (5.1.4) lib/action_dispatch/middleware/executor.rb:12:in `call'
actionpack (5.1.4) lib/action_dispatch/middleware/static.rb:125:in `call'
rack (2.0.3) lib/rack/sendfile.rb:111:in `call'
rack-cors (1.0.2) lib/rack/cors.rb:97:in `call'
railties (5.1.4) lib/rails/engine.rb:522:in `call'
puma (3.11.2) lib/puma/configuration.rb:225:in `call'
puma (3.11.2) lib/puma/server.rb:624:in `handle_request'
puma (3.11.2) lib/puma/server.rb:438:in `process_client'
puma (3.11.2) lib/puma/server.rb:302:in `block in run'
puma (3.11.2) lib/puma/thread_pool.rb:120:in `block in spawn_thread'
Started GET "/" for 127.0.0.1 at 2018-01-25 12:45:59 -0500
  
ArgumentError (Missing :controller key on routes definition, please check your routes.):
  
config/routes.rb:4:in `block in <top (required)>'
config/routes.rb:1:in `<top (required)>'
Started GET "/" for 127.0.0.1 at 2018-01-25 12:46:16 -0500
  
ArgumentError (Missing :controller key on routes definition, please check your routes.):
  
config/routes.rb:4:in `block in <top (required)>'
config/routes.rb:1:in `<top (required)>'
Started GET "/" for 127.0.0.1 at 2018-01-25 12:46:53 -0500
  
ActionController::RoutingError (uninitialized constant PlayersController):
  
activesupport (5.1.4) lib/active_support/inflector/methods.rb:269:in `const_get'
activesupport (5.1.4) lib/active_support/inflector/methods.rb:269:in `block in constantize'
activesupport (5.1.4) lib/active_support/inflector/methods.rb:267:in `each'
activesupport (5.1.4) lib/active_support/inflector/methods.rb:267:in `inject'
activesupport (5.1.4) lib/active_support/inflector/methods.rb:267:in `constantize'
actionpack (5.1.4) lib/action_dispatch/http/request.rb:85:in `controller_class_for'
actionpack (5.1.4) lib/action_dispatch/http/request.rb:78:in `controller_class'
actionpack (5.1.4) lib/action_dispatch/routing/route_set.rb:43:in `controller'
actionpack (5.1.4) lib/action_dispatch/routing/route_set.rb:29:in `serve'
actionpack (5.1.4) lib/action_dispatch/journey/router.rb:50:in `block in serve'
actionpack (5.1.4) lib/action_dispatch/journey/router.rb:33:in `each'
actionpack (5.1.4) lib/action_dispatch/journey/router.rb:33:in `serve'
actionpack (5.1.4) lib/action_dispatch/routing/route_set.rb:834:in `call'
rack (2.0.3) lib/rack/session/abstract/id.rb:232:in `context'
rack (2.0.3) lib/rack/session/abstract/id.rb:226:in `call'
actionpack (5.1.4) lib/action_dispatch/middleware/cookies.rb:613:in `call'
rack (2.0.3) lib/rack/method_override.rb:22:in `call'
warden (1.2.7) lib/warden/manager.rb:36:in `block in call'
warden (1.2.7) lib/warden/manager.rb:35:in `catch'
warden (1.2.7) lib/warden/manager.rb:35:in `call'
rack (2.0.3) lib/rack/etag.rb:25:in `call'
rack (2.0.3) lib/rack/conditional_get.rb:25:in `call'
rack (2.0.3) lib/rack/head.rb:12:in `call'
activerecord (5.1.4) lib/active_record/migration.rb:556:in `call'
actionpack (5.1.4) lib/action_dispatch/middleware/callbacks.rb:26:in `block in call'
activesupport (5.1.4) lib/active_support/callbacks.rb:97:in `run_callbacks'
actionpack (5.1.4) lib/action_dispatch/middleware/callbacks.rb:24:in `call'
actionpack (5.1.4) lib/action_dispatch/middleware/executor.rb:12:in `call'
actionpack (5.1.4) lib/action_dispatch/middleware/debug_exceptions.rb:59:in `call'
actionpack (5.1.4) lib/action_dispatch/middleware/show_exceptions.rb:31:in `call'
railties (5.1.4) lib/rails/rack/logger.rb:36:in `call_app'
railties (5.1.4) lib/rails/rack/logger.rb:24:in `block in call'
activesupport (5.1.4) lib/active_support/tagged_logging.rb:69:in `block in tagged'
activesupport (5.1.4) lib/active_support/tagged_logging.rb:26:in `tagged'
activesupport (5.1.4) lib/active_support/tagged_logging.rb:69:in `tagged'
railties (5.1.4) lib/rails/rack/logger.rb:24:in `call'
actionpack (5.1.4) lib/action_dispatch/middleware/remote_ip.rb:79:in `call'
actionpack (5.1.4) lib/action_dispatch/middleware/request_id.rb:25:in `call'
rack (2.0.3) lib/rack/runtime.rb:22:in `call'
activesupport (5.1.4) lib/active_support/cache/strategy/local_cache_middleware.rb:27:in `call'
actionpack (5.1.4) lib/action_dispatch/middleware/executor.rb:12:in `call'
actionpack (5.1.4) lib/action_dispatch/middleware/static.rb:125:in `call'
rack (2.0.3) lib/rack/sendfile.rb:111:in `call'
rack-cors (1.0.2) lib/rack/cors.rb:97:in `call'
railties (5.1.4) lib/rails/engine.rb:522:in `call'
puma (3.11.2) lib/puma/configuration.rb:225:in `call'
puma (3.11.2) lib/puma/server.rb:624:in `handle_request'
puma (3.11.2) lib/puma/server.rb:438:in `process_client'
puma (3.11.2) lib/puma/server.rb:302:in `block in run'
puma (3.11.2) lib/puma/thread_pool.rb:120:in `block in spawn_thread'
Started GET "/" for 127.0.0.1 at 2018-01-25 12:47:14 -0500
Processing by Api::PlayersController#index as HTML
  [1m[36mPlayer Load (0.6ms)[0m  [1m[34mSELECT "players".* FROM "players"[0m
Completed 200 OK in 39ms (Views: 21.7ms | ActiveRecord: 10.4ms)


Started GET "/" for 127.0.0.1 at 2018-01-25 12:48:07 -0500
  
ActionController::RoutingError (uninitialized constant HomeController):
  
activesupport (5.1.4) lib/active_support/inflector/methods.rb:269:in `const_get'
activesupport (5.1.4) lib/active_support/inflector/methods.rb:269:in `block in constantize'
activesupport (5.1.4) lib/active_support/inflector/methods.rb:267:in `each'
activesupport (5.1.4) lib/active_support/inflector/methods.rb:267:in `inject'
activesupport (5.1.4) lib/active_support/inflector/methods.rb:267:in `constantize'
actionpack (5.1.4) lib/action_dispatch/http/request.rb:85:in `controller_class_for'
actionpack (5.1.4) lib/action_dispatch/http/request.rb:78:in `controller_class'
actionpack (5.1.4) lib/action_dispatch/routing/route_set.rb:43:in `controller'
actionpack (5.1.4) lib/action_dispatch/routing/route_set.rb:29:in `serve'
actionpack (5.1.4) lib/action_dispatch/journey/router.rb:50:in `block in serve'
actionpack (5.1.4) lib/action_dispatch/journey/router.rb:33:in `each'
actionpack (5.1.4) lib/action_dispatch/journey/router.rb:33:in `serve'
actionpack (5.1.4) lib/action_dispatch/routing/route_set.rb:834:in `call'
rack (2.0.3) lib/rack/session/abstract/id.rb:232:in `context'
rack (2.0.3) lib/rack/session/abstract/id.rb:226:in `call'
actionpack (5.1.4) lib/action_dispatch/middleware/cookies.rb:613:in `call'
rack (2.0.3) lib/rack/method_override.rb:22:in `call'
warden (1.2.7) lib/warden/manager.rb:36:in `block in call'
warden (1.2.7) lib/warden/manager.rb:35:in `catch'
warden (1.2.7) lib/warden/manager.rb:35:in `call'
rack (2.0.3) lib/rack/etag.rb:25:in `call'
rack (2.0.3) lib/rack/conditional_get.rb:25:in `call'
rack (2.0.3) lib/rack/head.rb:12:in `call'
activerecord (5.1.4) lib/active_record/migration.rb:556:in `call'
actionpack (5.1.4) lib/action_dispatch/middleware/callbacks.rb:26:in `block in call'
activesupport (5.1.4) lib/active_support/callbacks.rb:97:in `run_callbacks'
actionpack (5.1.4) lib/action_dispatch/middleware/callbacks.rb:24:in `call'
actionpack (5.1.4) lib/action_dispatch/middleware/executor.rb:12:in `call'
actionpack (5.1.4) lib/action_dispatch/middleware/debug_exceptions.rb:59:in `call'
actionpack (5.1.4) lib/action_dispatch/middleware/show_exceptions.rb:31:in `call'
railties (5.1.4) lib/rails/rack/logger.rb:36:in `call_app'
railties (5.1.4) lib/rails/rack/logger.rb:24:in `block in call'
activesupport (5.1.4) lib/active_support/tagged_logging.rb:69:in `block in tagged'
activesupport (5.1.4) lib/active_support/tagged_logging.rb:26:in `tagged'
activesupport (5.1.4) lib/active_support/tagged_logging.rb:69:in `tagged'
railties (5.1.4) lib/rails/rack/logger.rb:24:in `call'
actionpack (5.1.4) lib/action_dispatch/middleware/remote_ip.rb:79:in `call'
actionpack (5.1.4) lib/action_dispatch/middleware/request_id.rb:25:in `call'
rack (2.0.3) lib/rack/runtime.rb:22:in `call'
activesupport (5.1.4) lib/active_support/cache/strategy/local_cache_middleware.rb:27:in `call'
actionpack (5.1.4) lib/action_dispatch/middleware/executor.rb:12:in `call'
actionpack (5.1.4) lib/action_dispatch/middleware/static.rb:125:in `call'
rack (2.0.3) lib/rack/sendfile.rb:111:in `call'
rack-cors (1.0.2) lib/rack/cors.rb:97:in `call'
railties (5.1.4) lib/rails/engine.rb:522:in `call'
puma (3.11.2) lib/puma/configuration.rb:225:in `call'
puma (3.11.2) lib/puma/server.rb:624:in `handle_request'
puma (3.11.2) lib/puma/server.rb:438:in `process_client'
puma (3.11.2) lib/puma/server.rb:302:in `block in run'
puma (3.11.2) lib/puma/thread_pool.rb:120:in `block in spawn_thread'
Started GET "/" for 127.0.0.1 at 2018-01-25 12:50:17 -0500
  
ActionController::RoutingError (uninitialized constant HomeController):
  
activesupport (5.1.4) lib/active_support/inflector/methods.rb:269:in `const_get'
activesupport (5.1.4) lib/active_support/inflector/methods.rb:269:in `block in constantize'
activesupport (5.1.4) lib/active_support/inflector/methods.rb:267:in `each'
activesupport (5.1.4) lib/active_support/inflector/methods.rb:267:in `inject'
activesupport (5.1.4) lib/active_support/inflector/methods.rb:267:in `constantize'
actionpack (5.1.4) lib/action_dispatch/http/request.rb:85:in `controller_class_for'
actionpack (5.1.4) lib/action_dispatch/http/request.rb:78:in `controller_class'
actionpack (5.1.4) lib/action_dispatch/routing/route_set.rb:43:in `controller'
actionpack (5.1.4) lib/action_dispatch/routing/route_set.rb:29:in `serve'
actionpack (5.1.4) lib/action_dispatch/journey/router.rb:50:in `block in serve'
actionpack (5.1.4) lib/action_dispatch/journey/router.rb:33:in `each'
actionpack (5.1.4) lib/action_dispatch/journey/router.rb:33:in `serve'
actionpack (5.1.4) lib/action_dispatch/routing/route_set.rb:834:in `call'
rack (2.0.3) lib/rack/session/abstract/id.rb:232:in `context'
rack (2.0.3) lib/rack/session/abstract/id.rb:226:in `call'
actionpack (5.1.4) lib/action_dispatch/middleware/cookies.rb:613:in `call'
rack (2.0.3) lib/rack/method_override.rb:22:in `call'
warden (1.2.7) lib/warden/manager.rb:36:in `block in call'
warden (1.2.7) lib/warden/manager.rb:35:in `catch'
warden (1.2.7) lib/warden/manager.rb:35:in `call'
rack (2.0.3) lib/rack/etag.rb:25:in `call'
rack (2.0.3) lib/rack/conditional_get.rb:25:in `call'
rack (2.0.3) lib/rack/head.rb:12:in `call'
activerecord (5.1.4) lib/active_record/migration.rb:556:in `call'
actionpack (5.1.4) lib/action_dispatch/middleware/callbacks.rb:26:in `block in call'
activesupport (5.1.4) lib/active_support/callbacks.rb:97:in `run_callbacks'
actionpack (5.1.4) lib/action_dispatch/middleware/callbacks.rb:24:in `call'
actionpack (5.1.4) lib/action_dispatch/middleware/executor.rb:12:in `call'
actionpack (5.1.4) lib/action_dispatch/middleware/debug_exceptions.rb:59:in `call'
actionpack (5.1.4) lib/action_dispatch/middleware/show_exceptions.rb:31:in `call'
railties (5.1.4) lib/rails/rack/logger.rb:36:in `call_app'
railties (5.1.4) lib/rails/rack/logger.rb:24:in `block in call'
activesupport (5.1.4) lib/active_support/tagged_logging.rb:69:in `block in tagged'
activesupport (5.1.4) lib/active_support/tagged_logging.rb:26:in `tagged'
activesupport (5.1.4) lib/active_support/tagged_logging.rb:69:in `tagged'
railties (5.1.4) lib/rails/rack/logger.rb:24:in `call'
actionpack (5.1.4) lib/action_dispatch/middleware/remote_ip.rb:79:in `call'
actionpack (5.1.4) lib/action_dispatch/middleware/request_id.rb:25:in `call'
rack (2.0.3) lib/rack/runtime.rb:22:in `call'
activesupport (5.1.4) lib/active_support/cache/strategy/local_cache_middleware.rb:27:in `call'
actionpack (5.1.4) lib/action_dispatch/middleware/executor.rb:12:in `call'
actionpack (5.1.4) lib/action_dispatch/middleware/static.rb:125:in `call'
rack (2.0.3) lib/rack/sendfile.rb:111:in `call'
rack-cors (1.0.2) lib/rack/cors.rb:97:in `call'
railties (5.1.4) lib/rails/engine.rb:522:in `call'
puma (3.11.2) lib/puma/configuration.rb:225:in `call'
puma (3.11.2) lib/puma/server.rb:624:in `handle_request'
puma (3.11.2) lib/puma/server.rb:438:in `process_client'
puma (3.11.2) lib/puma/server.rb:302:in `block in run'
puma (3.11.2) lib/puma/thread_pool.rb:120:in `block in spawn_thread'
Started GET "/" for 127.0.0.1 at 2018-01-25 12:50:23 -0500
Processing by Api::PlayersController#index as HTML
  [1m[36mPlayer Load (0.8ms)[0m  [1m[34mSELECT "players".* FROM "players"[0m
Completed 200 OK in 33ms (Views: 22.0ms | ActiveRecord: 7.0ms)


Started GET "/" for 127.0.0.1 at 2018-01-25 12:56:32 -0500
  [1m[35m (0.8ms)[0m  [1m[34mSELECT "schema_migrations"."version" FROM "schema_migrations" ORDER BY "schema_migrations"."version" ASC[0m
Processing by Api::PlayersController#index as HTML
  [1m[36mPlayer Load (0.7ms)[0m  [1m[34mSELECT "players".* FROM "players"[0m
Completed 200 OK in 30ms (Views: 15.4ms | ActiveRecord: 6.1ms)


Started GET "/" for 127.0.0.1 at 2018-01-25 12:56:40 -0500
Processing by Api::PlayersController#index as HTML
  [1m[36mPlayer Load (0.9ms)[0m  [1m[34mSELECT "players".* FROM "players"[0m
Completed 200 OK in 42ms (Views: 27.4ms | ActiveRecord: 13.8ms)


Started GET "/" for 127.0.0.1 at 2018-01-25 12:59:52 -0500
Processing by Api::PlayersController#index as HTML
  [1m[36mPlayer Load (1.2ms)[0m  [1m[34mSELECT "players".* FROM "players"[0m
Completed 200 OK in 20ms (Views: 18.3ms | ActiveRecord: 1.2ms)


Started GET "/" for 127.0.0.1 at 2018-01-25 13:23:10 -0500
  [1m[35m (0.9ms)[0m  [1m[34mSELECT "schema_migrations"."version" FROM "schema_migrations" ORDER BY "schema_migrations"."version" ASC[0m
Processing by Api::PlayersController#index as HTML
  [1m[36mPlayer Load (0.9ms)[0m  [1m[34mSELECT "players".* FROM "players"[0m
Completed 200 OK in 31ms (Views: 19.8ms | ActiveRecord: 5.8ms)


Started GET "/" for 127.0.0.1 at 2018-01-25 13:35:29 -0500
  [1m[35m (0.8ms)[0m  [1m[34mSELECT "schema_migrations"."version" FROM "schema_migrations" ORDER BY "schema_migrations"."version" ASC[0m
Processing by Api::PlayersController#index as HTML
  [1m[36mPlayer Load (0.6ms)[0m  [1m[34mSELECT "players".* FROM "players"[0m
[active_model_serializers] Rendered ActiveModel::Serializer::CollectionSerializer with ActiveModelSerializers::Adapter::Attributes (2.98ms)
Completed 200 OK in 49ms (Views: 34.9ms | ActiveRecord: 8.6ms)


  [1m[35m (0.8ms)[0m  [1m[34mSELECT "schema_migrations"."version" FROM "schema_migrations" ORDER BY "schema_migrations"."version" ASC[0m
  [1m[35m (0.2ms)[0m  [1m[35mBEGIN[0m
  [1m[35mSQL (0.7ms)[0m  [1m[32mINSERT INTO "teams" ("name", "wins", "losses", "logo_url", "created_at", "updated_at") VALUES ($1, $2, $3, $4, $5, $6) RETURNING "id"[0m  [["name", "Warriors"], ["wins", 40], ["losses", 40], ["logo_url", "http://images.contentful.com/a4rx79jcl3n1/2N9qqpVHvqsQoisAAgAeGE/8ad3772823f592851acd87193b9a910f/logo-gsw-primary-blue.svg"], ["created_at", "2018-01-25 18:35:49.483975"], ["updated_at", "2018-01-25 18:35:49.483975"]]
  [1m[35m (0.9ms)[0m  [1m[35mCOMMIT[0m
  [1m[35m (0.1ms)[0m  [1m[35mBEGIN[0m
  [1m[35mSQL (0.3ms)[0m  [1m[32mINSERT INTO "teams" ("name", "wins", "losses", "logo_url", "created_at", "updated_at") VALUES ($1, $2, $3, $4, $5, $6) RETURNING "id"[0m  [["name", "Celtics"], ["wins", 40], ["losses", 40], ["logo_url", "https://pbs.twimg.com/profile_images/2815110476/033393c13e6dec0fd6cc5006453fbeb5_400x400.png"], ["created_at", "2018-01-25 18:35:49.487594"], ["updated_at", "2018-01-25 18:35:49.487594"]]
  [1m[35m (0.4ms)[0m  [1m[35mCOMMIT[0m
  [1m[35m (0.1ms)[0m  [1m[35mBEGIN[0m
  [1m[35mSQL (1.0ms)[0m  [1m[32mINSERT INTO "teams" ("name", "wins", "losses", "logo_url", "created_at", "updated_at") VALUES ($1, $2, $3, $4, $5, $6) RETURNING "id"[0m  [["name", "Lakers"], ["wins", 40], ["losses", 40], ["logo_url", "https://pbs.twimg.com/profile_images/923604432830439424/PmmLpTom.jpg"], ["created_at", "2018-01-25 18:35:49.489460"], ["updated_at", "2018-01-25 18:35:49.489460"]]
  [1m[35m (0.5ms)[0m  [1m[35mCOMMIT[0m
  [1m[35m (0.1ms)[0m  [1m[35mBEGIN[0m
  [1m[35mSQL (0.4ms)[0m  [1m[32mINSERT INTO "teams" ("name", "wins", "losses", "logo_url", "created_at", "updated_at") VALUES ($1, $2, $3, $4, $5, $6) RETURNING "id"[0m  [["name", "Blue Devils"], ["wins", 40], ["losses", 40], ["logo_url", "http://www.hufsd.edu/assets/images/2017/april/modal-4_04c.jpg"], ["created_at", "2018-01-25 18:35:49.492893"], ["updated_at", "2018-01-25 18:35:49.492893"]]
  [1m[35m (0.3ms)[0m  [1m[35mCOMMIT[0m
  [1m[35m (0.1ms)[0m  [1m[35mBEGIN[0m
  [1m[35mSQL (0.4ms)[0m  [1m[32mINSERT INTO "teams" ("name", "wins", "losses", "logo_url", "created_at", "updated_at") VALUES ($1, $2, $3, $4, $5, $6) RETURNING "id"[0m  [["name", "Manchester United"], ["wins", 40], ["losses", 40], ["logo_url", "https://www.hcltech.com/sites/default/files/left_mu.png"], ["created_at", "2018-01-25 18:35:49.495087"], ["updated_at", "2018-01-25 18:35:49.495087"]]
  [1m[35m (0.3ms)[0m  [1m[35mCOMMIT[0m
  [1m[35m (0.2ms)[0m  [1m[35mBEGIN[0m
  [1m[35mSQL (0.7ms)[0m  [1m[32mINSERT INTO "players" ("name", "height", "weight", "image_url", "created_at", "updated_at", "team_id", "likes") VALUES ($1, $2, $3, $4, $5, $6, $7, $8) RETURNING "id"[0m  [["name", "Kyrie Irving"], ["height", 190], ["weight", 200], ["image_url", "http://a.espncdn.com/combiner/i?img=/i/headshots/nba/players/full/6442.png&w=350&h=254"], ["created_at", "2018-01-25 18:35:49.513476"], ["updated_at", "2018-01-25 18:35:49.513476"], ["team_id", 2], ["likes", 5]]
  [1m[35m (0.4ms)[0m  [1m[35mCOMMIT[0m
  [1m[35m (0.1ms)[0m  [1m[35mBEGIN[0m
  [1m[35mSQL (0.3ms)[0m  [1m[32mINSERT INTO "players" ("name", "height", "weight", "image_url", "created_at", "updated_at", "team_id", "likes") VALUES ($1, $2, $3, $4, $5, $6, $7, $8) RETURNING "id"[0m  [["name", "Al Horford"], ["height", 210], ["weight", 200], ["image_url", "http://a.espncdn.com/combiner/i?img=/i/headshots/nba/players/full/3213.png&w=350&h=254"], ["created_at", "2018-01-25 18:35:49.516453"], ["updated_at", "2018-01-25 18:35:49.516453"], ["team_id", 2], ["likes", 5]]
  [1m[35m (0.4ms)[0m  [1m[35mCOMMIT[0m
  [1m[35m (0.1ms)[0m  [1m[35mBEGIN[0m
  [1m[35mSQL (0.3ms)[0m  [1m[32mINSERT INTO "players" ("name", "height", "weight", "image_url", "created_at", "updated_at", "team_id", "likes") VALUES ($1, $2, $3, $4, $5, $6, $7, $8) RETURNING "id"[0m  [["name", "Paul Pogba"], ["height", 190], ["weight", 200], ["image_url", "https://platform-static-files.s3.amazonaws.com/premierleague/photos/players/250x250/p74208.png"], ["created_at", "2018-01-25 18:35:49.518477"], ["updated_at", "2018-01-25 18:35:49.518477"], ["team_id", 5], ["likes", 5]]
  [1m[35m (0.4ms)[0m  [1m[35mCOMMIT[0m
  [1m[35m (0.1ms)[0m  [1m[35mBEGIN[0m
  [1m[35mSQL (0.3ms)[0m  [1m[32mINSERT INTO "players" ("name", "height", "weight", "image_url", "created_at", "updated_at", "team_id", "likes") VALUES ($1, $2, $3, $4, $5, $6, $7, $8) RETURNING "id"[0m  [["name", "David De Gea"], ["height", 190], ["weight", 200], ["image_url", "https://platform-static-files.s3.amazonaws.com/premierleague/photos/players/250x250/p51940.png"], ["created_at", "2018-01-25 18:35:49.520459"], ["updated_at", "2018-01-25 18:35:49.520459"], ["team_id", 5], ["likes", 5]]
  [1m[35m (0.4ms)[0m  [1m[35mCOMMIT[0m
  [1m[35m (0.1ms)[0m  [1m[35mBEGIN[0m
  [1m[35mSQL (0.7ms)[0m  [1m[32mINSERT INTO "players" ("name", "height", "weight", "image_url", "created_at", "updated_at", "team_id", "likes") VALUES ($1, $2, $3, $4, $5, $6, $7, $8) RETURNING "id"[0m  [["name", "Zlatan Ibrahimovic"], ["height", 190], ["weight", 200], ["image_url", "https://platform-static-files.s3.amazonaws.com/premierleague/photos/players/250x250/p9808.png"], ["created_at", "2018-01-25 18:35:49.522382"], ["updated_at", "2018-01-25 18:35:49.522382"], ["team_id", 5], ["likes", 5]]
  [1m[35m (0.5ms)[0m  [1m[35mCOMMIT[0m
  [1m[35m (0.1ms)[0m  [1m[35mBEGIN[0m
  [1m[35mSQL (0.3ms)[0m  [1m[32mINSERT INTO "players" ("name", "height", "weight", "image_url", "created_at", "updated_at", "team_id", "likes") VALUES ($1, $2, $3, $4, $5, $6, $7, $8) RETURNING "id"[0m  [["name", "Kobe Bryant"], ["height", 200], ["weight", 200], ["image_url", "http://a.espncdn.com/combiner/i?img=/i/headshots/nba/players/full/110.png&w=350&h=254"], ["created_at", "2018-01-25 18:35:49.525803"], ["updated_at", "2018-01-25 18:35:49.525803"], ["team_id", 3], ["likes", 5]]
  [1m[35m (0.3ms)[0m  [1m[35mCOMMIT[0m
  [1m[35m (0.1ms)[0m  [1m[35mBEGIN[0m
  [1m[35mSQL (0.3ms)[0m  [1m[32mINSERT INTO "players" ("name", "height", "weight", "image_url", "created_at", "updated_at", "team_id", "likes") VALUES ($1, $2, $3, $4, $5, $6, $7, $8) RETURNING "id"[0m  [["name", "Kyle Kuzma"], ["height", 200], ["weight", 200], ["image_url", "http://a.espncdn.com/combiner/i?img=/i/headshots/nba/players/full/3134907.png&w=350&h=254"], ["created_at", "2018-01-25 18:35:49.527838"], ["updated_at", "2018-01-25 18:35:49.527838"], ["team_id", 3], ["likes", 5]]
  [1m[35m (0.3ms)[0m  [1m[35mCOMMIT[0m
  [1m[35m (0.1ms)[0m  [1m[35mBEGIN[0m
  [1m[35mSQL (0.3ms)[0m  [1m[32mINSERT INTO "players" ("name", "height", "weight", "image_url", "created_at", "updated_at", "team_id", "likes") VALUES ($1, $2, $3, $4, $5, $6, $7, $8) RETURNING "id"[0m  [["name", "Stephen Curry"], ["height", 200], ["weight", 200], ["image_url", "http://a.espncdn.com/combiner/i?img=/i/headshots/nba/players/full/3975.png&w=350&h=254"], ["created_at", "2018-01-25 18:35:49.529775"], ["updated_at", "2018-01-25 18:35:49.529775"], ["team_id", 1], ["likes", 5]]
  [1m[35m (0.3ms)[0m  [1m[35mCOMMIT[0m
  [1m[35m (0.1ms)[0m  [1m[35mBEGIN[0m
  [1m[35mSQL (0.4ms)[0m  [1m[32mINSERT INTO "players" ("name", "height", "weight", "image_url", "created_at", "updated_at", "team_id", "likes") VALUES ($1, $2, $3, $4, $5, $6, $7, $8) RETURNING "id"[0m  [["name", "Kevin Durant"], ["height", 200], ["weight", 200], ["image_url", "http://a.espncdn.com/combiner/i?img=/i/headshots/nba/players/full/3202.png&w=350&h=254"], ["created_at", "2018-01-25 18:35:49.531826"], ["updated_at", "2018-01-25 18:35:49.531826"], ["team_id", 1], ["likes", 5]]
  [1m[35m (0.5ms)[0m  [1m[35mCOMMIT[0m
  [1m[35m (0.1ms)[0m  [1m[35mBEGIN[0m
  [1m[35mSQL (0.3ms)[0m  [1m[32mINSERT INTO "players" ("name", "height", "weight", "image_url", "created_at", "updated_at", "team_id", "likes") VALUES ($1, $2, $3, $4, $5, $6, $7, $8) RETURNING "id"[0m  [["name", "Klay Thompson"], ["height", 200], ["weight", 200], ["image_url", "http://a.espncdn.com/combiner/i?img=/i/headshots/nba/players/full/6475.png&w=350&h=254"], ["created_at", "2018-01-25 18:35:49.534688"], ["updated_at", "2018-01-25 18:35:49.534688"], ["team_id", 1], ["likes", 5]]
  [1m[35m (0.4ms)[0m  [1m[35mCOMMIT[0m
Started GET "/" for 127.0.0.1 at 2018-01-25 13:35:58 -0500
  [1m[35m (1.7ms)[0m  [1m[34mSELECT "schema_migrations"."version" FROM "schema_migrations" ORDER BY "schema_migrations"."version" ASC[0m
Processing by Api::PlayersController#index as HTML
  [1m[36mPlayer Load (0.7ms)[0m  [1m[34mSELECT "players".* FROM "players"[0m
[active_model_serializers] Rendered ActiveModel::Serializer::CollectionSerializer with ActiveModelSerializers::Adapter::Attributes (2.35ms)
Completed 200 OK in 54ms (Views: 39.9ms | ActiveRecord: 7.1ms)


Started GET "/" for 127.0.0.1 at 2018-01-25 13:37:19 -0500
Processing by Api::PlayersController#index as HTML
  [1m[36mPlayer Load (4.0ms)[0m  [1m[34mSELECT "players".* FROM "players"[0m
[active_model_serializers]   [1m[36mTeam Load (1.3ms)[0m  [1m[34mSELECT  "teams".* FROM "teams" WHERE "teams"."id" = $1 LIMIT $2[0m  [["id", 2], ["LIMIT", 1]]
[active_model_serializers]   [1m[36mCACHE Team Load (0.0ms)[0m  [1m[34mSELECT  "teams".* FROM "teams" WHERE "teams"."id" = $1 LIMIT $2[0m  [["id", 2], ["LIMIT", 1]]
[active_model_serializers]   [1m[36mTeam Load (1.3ms)[0m  [1m[34mSELECT  "teams".* FROM "teams" WHERE "teams"."id" = $1 LIMIT $2[0m  [["id", 5], ["LIMIT", 1]]
[active_model_serializers]   [1m[36mCACHE Team Load (0.0ms)[0m  [1m[34mSELECT  "teams".* FROM "teams" WHERE "teams"."id" = $1 LIMIT $2[0m  [["id", 5], ["LIMIT", 1]]
[active_model_serializers]   [1m[36mCACHE Team Load (0.0ms)[0m  [1m[34mSELECT  "teams".* FROM "teams" WHERE "teams"."id" = $1 LIMIT $2[0m  [["id", 5], ["LIMIT", 1]]
[active_model_serializers]   [1m[36mTeam Load (0.3ms)[0m  [1m[34mSELECT  "teams".* FROM "teams" WHERE "teams"."id" = $1 LIMIT $2[0m  [["id", 3], ["LIMIT", 1]]
[active_model_serializers]   [1m[36mCACHE Team Load (0.0ms)[0m  [1m[34mSELECT  "teams".* FROM "teams" WHERE "teams"."id" = $1 LIMIT $2[0m  [["id", 3], ["LIMIT", 1]]
[active_model_serializers]   [1m[36mTeam Load (0.4ms)[0m  [1m[34mSELECT  "teams".* FROM "teams" WHERE "teams"."id" = $1 LIMIT $2[0m  [["id", 1], ["LIMIT", 1]]
[active_model_serializers]   [1m[36mCACHE Team Load (0.0ms)[0m  [1m[34mSELECT  "teams".* FROM "teams" WHERE "teams"."id" = $1 LIMIT $2[0m  [["id", 1], ["LIMIT", 1]]
[active_model_serializers]   [1m[36mCACHE Team Load (0.0ms)[0m  [1m[34mSELECT  "teams".* FROM "teams" WHERE "teams"."id" = $1 LIMIT $2[0m  [["id", 1], ["LIMIT", 1]]
[active_model_serializers]   [1m[36mCACHE Team Load (0.0ms)[0m  [1m[34mSELECT  "teams".* FROM "teams" WHERE "teams"."id" = $1 LIMIT $2[0m  [["id", 2], ["LIMIT", 1]]
[active_model_serializers]   [1m[36mCACHE Team Load (0.0ms)[0m  [1m[34mSELECT  "teams".* FROM "teams" WHERE "teams"."id" = $1 LIMIT $2[0m  [["id", 2], ["LIMIT", 1]]
[active_model_serializers]   [1m[36mCACHE Team Load (0.0ms)[0m  [1m[34mSELECT  "teams".* FROM "teams" WHERE "teams"."id" = $1 LIMIT $2[0m  [["id", 5], ["LIMIT", 1]]
[active_model_serializers]   [1m[36mCACHE Team Load (0.0ms)[0m  [1m[34mSELECT  "teams".* FROM "teams" WHERE "teams"."id" = $1 LIMIT $2[0m  [["id", 5], ["LIMIT", 1]]
[active_model_serializers]   [1m[36mCACHE Team Load (0.0ms)[0m  [1m[34mSELECT  "teams".* FROM "teams" WHERE "teams"."id" = $1 LIMIT $2[0m  [["id", 5], ["LIMIT", 1]]
[active_model_serializers]   [1m[36mCACHE Team Load (0.0ms)[0m  [1m[34mSELECT  "teams".* FROM "teams" WHERE "teams"."id" = $1 LIMIT $2[0m  [["id", 3], ["LIMIT", 1]]
[active_model_serializers]   [1m[36mCACHE Team Load (0.0ms)[0m  [1m[34mSELECT  "teams".* FROM "teams" WHERE "teams"."id" = $1 LIMIT $2[0m  [["id", 3], ["LIMIT", 1]]
[active_model_serializers]   [1m[36mCACHE Team Load (0.1ms)[0m  [1m[34mSELECT  "teams".* FROM "teams" WHERE "teams"."id" = $1 LIMIT $2[0m  [["id", 1], ["LIMIT", 1]]
[active_model_serializers]   [1m[36mCACHE Team Load (0.0ms)[0m  [1m[34mSELECT  "teams".* FROM "teams" WHERE "teams"."id" = $1 LIMIT $2[0m  [["id", 1], ["LIMIT", 1]]
[active_model_serializers]   [1m[36mCACHE Team Load (0.0ms)[0m  [1m[34mSELECT  "teams".* FROM "teams" WHERE "teams"."id" = $1 LIMIT $2[0m  [["id", 1], ["LIMIT", 1]]
[active_model_serializers] Rendered ActiveModel::Serializer::CollectionSerializer with ActiveModelSerializers::Adapter::Attributes (103.74ms)
Completed 200 OK in 138ms (Views: 119.9ms | ActiveRecord: 15.5ms)


Started GET "/" for 127.0.0.1 at 2018-01-25 13:38:01 -0500
  [1m[35m (0.9ms)[0m  [1m[34mSELECT "schema_migrations"."version" FROM "schema_migrations" ORDER BY "schema_migrations"."version" ASC[0m
Processing by Api::PlayersController#index as HTML
  [1m[36mPlayer Load (1.6ms)[0m  [1m[34mSELECT "players".* FROM "players"[0m
[active_model_serializers]   [1m[36mTeam Load (0.5ms)[0m  [1m[34mSELECT  "teams".* FROM "teams" WHERE "teams"."id" = $1 LIMIT $2[0m  [["id", 2], ["LIMIT", 1]]
[active_model_serializers]   [1m[36mTeam Load (0.3ms)[0m  [1m[34mSELECT  "teams".* FROM "teams" WHERE "teams"."id" = $1 LIMIT $2[0m  [["id", 2], ["LIMIT", 1]]
[active_model_serializers]   [1m[36mTeam Load (0.3ms)[0m  [1m[34mSELECT  "teams".* FROM "teams" WHERE "teams"."id" = $1 LIMIT $2[0m  [["id", 5], ["LIMIT", 1]]
[active_model_serializers]   [1m[36mTeam Load (0.3ms)[0m  [1m[34mSELECT  "teams".* FROM "teams" WHERE "teams"."id" = $1 LIMIT $2[0m  [["id", 5], ["LIMIT", 1]]
[active_model_serializers]   [1m[36mTeam Load (0.3ms)[0m  [1m[34mSELECT  "teams".* FROM "teams" WHERE "teams"."id" = $1 LIMIT $2[0m  [["id", 5], ["LIMIT", 1]]
[active_model_serializers]   [1m[36mTeam Load (0.2ms)[0m  [1m[34mSELECT  "teams".* FROM "teams" WHERE "teams"."id" = $1 LIMIT $2[0m  [["id", 3], ["LIMIT", 1]]
[active_model_serializers]   [1m[36mTeam Load (0.3ms)[0m  [1m[34mSELECT  "teams".* FROM "teams" WHERE "teams"."id" = $1 LIMIT $2[0m  [["id", 3], ["LIMIT", 1]]
[active_model_serializers]   [1m[36mTeam Load (0.7ms)[0m  [1m[34mSELECT  "teams".* FROM "teams" WHERE "teams"."id" = $1 LIMIT $2[0m  [["id", 1], ["LIMIT", 1]]
[active_model_serializers]   [1m[36mTeam Load (1.1ms)[0m  [1m[34mSELECT  "teams".* FROM "teams" WHERE "teams"."id" = $1 LIMIT $2[0m  [["id", 1], ["LIMIT", 1]]
[active_model_serializers]   [1m[36mTeam Load (0.4ms)[0m  [1m[34mSELECT  "teams".* FROM "teams" WHERE "teams"."id" = $1 LIMIT $2[0m  [["id", 1], ["LIMIT", 1]]
[active_model_serializers]   [1m[36mTeam Load (0.2ms)[0m  [1m[34mSELECT  "teams".* FROM "teams" WHERE "teams"."id" = $1 LIMIT $2[0m  [["id", 2], ["LIMIT", 1]]
[active_model_serializers]   [1m[36mTeam Load (0.2ms)[0m  [1m[34mSELECT  "teams".* FROM "teams" WHERE "teams"."id" = $1 LIMIT $2[0m  [["id", 2], ["LIMIT", 1]]
[active_model_serializers]   [1m[36mTeam Load (0.2ms)[0m  [1m[34mSELECT  "teams".* FROM "teams" WHERE "teams"."id" = $1 LIMIT $2[0m  [["id", 5], ["LIMIT", 1]]
[active_model_serializers]   [1m[36mTeam Load (0.2ms)[0m  [1m[34mSELECT  "teams".* FROM "teams" WHERE "teams"."id" = $1 LIMIT $2[0m  [["id", 5], ["LIMIT", 1]]
[active_model_serializers]   [1m[36mTeam Load (0.2ms)[0m  [1m[34mSELECT  "teams".* FROM "teams" WHERE "teams"."id" = $1 LIMIT $2[0m  [["id", 5], ["LIMIT", 1]]
[active_model_serializers]   [1m[36mTeam Load (0.2ms)[0m  [1m[34mSELECT  "teams".* FROM "teams" WHERE "teams"."id" = $1 LIMIT $2[0m  [["id", 3], ["LIMIT", 1]]
[active_model_serializers]   [1m[36mTeam Load (0.1ms)[0m  [1m[34mSELECT  "teams".* FROM "teams" WHERE "teams"."id" = $1 LIMIT $2[0m  [["id", 3], ["LIMIT", 1]]
[active_model_serializers]   [1m[36mTeam Load (0.3ms)[0m  [1m[34mSELECT  "teams".* FROM "teams" WHERE "teams"."id" = $1 LIMIT $2[0m  [["id", 1], ["LIMIT", 1]]
[active_model_serializers]   [1m[36mTeam Load (0.4ms)[0m  [1m[34mSELECT  "teams".* FROM "teams" WHERE "teams"."id" = $1 LIMIT $2[0m  [["id", 1], ["LIMIT", 1]]
[active_model_serializers]   [1m[36mTeam Load (0.4ms)[0m  [1m[34mSELECT  "teams".* FROM "teams" WHERE "teams"."id" = $1 LIMIT $2[0m  [["id", 1], ["LIMIT", 1]]
[active_model_serializers] Rendered ActiveModel::Serializer::CollectionSerializer with ActiveModelSerializers::Adapter::Attributes (97.62ms)
Completed 200 OK in 148ms (Views: 122.7ms | ActiveRecord: 18.9ms)


Started GET "/api/players" for ::1 at 2018-01-25 14:05:32 -0500
  [1m[35m (2.4ms)[0m  [1m[34mSELECT "schema_migrations"."version" FROM "schema_migrations" ORDER BY "schema_migrations"."version" ASC[0m
Processing by Api::PlayersController#index as HTML
  [1m[36mPlayer Load (25.2ms)[0m  [1m[34mSELECT "players".* FROM "players"[0m
[active_model_serializers]   [1m[36mTeam Load (27.9ms)[0m  [1m[34mSELECT  "teams".* FROM "teams" WHERE "teams"."id" = $1 LIMIT $2[0m  [["id", 2], ["LIMIT", 1]]
[active_model_serializers]   [1m[36mTeam Load (0.4ms)[0m  [1m[34mSELECT  "teams".* FROM "teams" WHERE "teams"."id" = $1 LIMIT $2[0m  [["id", 2], ["LIMIT", 1]]
[active_model_serializers]   [1m[36mTeam Load (0.4ms)[0m  [1m[34mSELECT  "teams".* FROM "teams" WHERE "teams"."id" = $1 LIMIT $2[0m  [["id", 3], ["LIMIT", 1]]
[active_model_serializers]   [1m[36mTeam Load (0.3ms)[0m  [1m[34mSELECT  "teams".* FROM "teams" WHERE "teams"."id" = $1 LIMIT $2[0m  [["id", 1], ["LIMIT", 1]]
[active_model_serializers]   [1m[36mTeam Load (0.4ms)[0m  [1m[34mSELECT  "teams".* FROM "teams" WHERE "teams"."id" = $1 LIMIT $2[0m  [["id", 4], ["LIMIT", 1]]
[active_model_serializers]   [1m[36mTeam Load (1.0ms)[0m  [1m[34mSELECT  "teams".* FROM "teams" WHERE "teams"."id" = $1 LIMIT $2[0m  [["id", 3], ["LIMIT", 1]]
[active_model_serializers]   [1m[36mTeam Load (0.4ms)[0m  [1m[34mSELECT  "teams".* FROM "teams" WHERE "teams"."id" = $1 LIMIT $2[0m  [["id", 2], ["LIMIT", 1]]
[active_model_serializers]   [1m[36mTeam Load (0.2ms)[0m  [1m[34mSELECT  "teams".* FROM "teams" WHERE "teams"."id" = $1 LIMIT $2[0m  [["id", 1], ["LIMIT", 1]]
[active_model_serializers]   [1m[36mTeam Load (2.3ms)[0m  [1m[34mSELECT  "teams".* FROM "teams" WHERE "teams"."id" = $1 LIMIT $2[0m  [["id", 5], ["LIMIT", 1]]
[active_model_serializers]   [1m[36mTeam Load (2.3ms)[0m  [1m[34mSELECT  "teams".* FROM "teams" WHERE "teams"."id" = $1 LIMIT $2[0m  [["id", 5], ["LIMIT", 1]]
[active_model_serializers]   [1m[36mTeam Load (0.2ms)[0m  [1m[34mSELECT  "teams".* FROM "teams" WHERE "teams"."id" = $1 LIMIT $2[0m  [["id", 5], ["LIMIT", 1]]
[active_model_serializers]   [1m[36mTeam Load (1.9ms)[0m  [1m[34mSELECT  "teams".* FROM "teams" WHERE "teams"."id" = $1 LIMIT $2[0m  [["id", 1], ["LIMIT", 1]]
[active_model_serializers] Rendered ActiveModel::Serializer::CollectionSerializer with ActiveModelSerializers::Adapter::Attributes (106.5ms)
Completed 200 OK in 221ms (Views: 106.1ms | ActiveRecord: 105.5ms)


Started GET "/" for ::1 at 2018-01-25 14:05:37 -0500
Processing by Api::PlayersController#index as HTML
  [1m[36mPlayer Load (0.9ms)[0m  [1m[34mSELECT "players".* FROM "players"[0m
[active_model_serializers]   [1m[36mTeam Load (5.2ms)[0m  [1m[34mSELECT  "teams".* FROM "teams" WHERE "teams"."id" = $1 LIMIT $2[0m  [["id", 2], ["LIMIT", 1]]
[active_model_serializers]   [1m[36mCACHE Team Load (0.0ms)[0m  [1m[34mSELECT  "teams".* FROM "teams" WHERE "teams"."id" = $1 LIMIT $2[0m  [["id", 2], ["LIMIT", 1]]
[active_model_serializers]   [1m[36mTeam Load (3.4ms)[0m  [1m[34mSELECT  "teams".* FROM "teams" WHERE "teams"."id" = $1 LIMIT $2[0m  [["id", 3], ["LIMIT", 1]]
[active_model_serializers]   [1m[36mTeam Load (2.6ms)[0m  [1m[34mSELECT  "teams".* FROM "teams" WHERE "teams"."id" = $1 LIMIT $2[0m  [["id", 1], ["LIMIT", 1]]
[active_model_serializers]   [1m[36mTeam Load (9.9ms)[0m  [1m[34mSELECT  "teams".* FROM "teams" WHERE "teams"."id" = $1 LIMIT $2[0m  [["id", 4], ["LIMIT", 1]]
[active_model_serializers]   [1m[36mCACHE Team Load (0.0ms)[0m  [1m[34mSELECT  "teams".* FROM "teams" WHERE "teams"."id" = $1 LIMIT $2[0m  [["id", 3], ["LIMIT", 1]]
[active_model_serializers]   [1m[36mCACHE Team Load (0.0ms)[0m  [1m[34mSELECT  "teams".* FROM "teams" WHERE "teams"."id" = $1 LIMIT $2[0m  [["id", 2], ["LIMIT", 1]]
[active_model_serializers]   [1m[36mCACHE Team Load (0.0ms)[0m  [1m[34mSELECT  "teams".* FROM "teams" WHERE "teams"."id" = $1 LIMIT $2[0m  [["id", 1], ["LIMIT", 1]]
[active_model_serializers]   [1m[36mTeam Load (0.7ms)[0m  [1m[34mSELECT  "teams".* FROM "teams" WHERE "teams"."id" = $1 LIMIT $2[0m  [["id", 5], ["LIMIT", 1]]
[active_model_serializers]   [1m[36mCACHE Team Load (0.0ms)[0m  [1m[34mSELECT  "teams".* FROM "teams" WHERE "teams"."id" = $1 LIMIT $2[0m  [["id", 5], ["LIMIT", 1]]
[active_model_serializers]   [1m[36mCACHE Team Load (0.1ms)[0m  [1m[34mSELECT  "teams".* FROM "teams" WHERE "teams"."id" = $1 LIMIT $2[0m  [["id", 5], ["LIMIT", 1]]
[active_model_serializers]   [1m[36mCACHE Team Load (0.0ms)[0m  [1m[34mSELECT  "teams".* FROM "teams" WHERE "teams"."id" = $1 LIMIT $2[0m  [["id", 1], ["LIMIT", 1]]
[active_model_serializers] Rendered ActiveModel::Serializer::CollectionSerializer with ActiveModelSerializers::Adapter::Attributes (44.81ms)
Completed 200 OK in 68ms (Views: 35.6ms | ActiveRecord: 32.0ms)


  [1m[35m (17.7ms)[0m  [1m[34mSELECT pg_try_advisory_lock(6540698671463456430)[0m
  [1m[35m (1.0ms)[0m  [1m[34mSELECT "schema_migrations"."version" FROM "schema_migrations" ORDER BY "schema_migrations"."version" ASC[0m
  [1m[36mActiveRecord::InternalMetadata Load (3.0ms)[0m  [1m[34mSELECT  "ar_internal_metadata".* FROM "ar_internal_metadata" WHERE "ar_internal_metadata"."key" = $1 LIMIT $2[0m  [["key", "environment"], ["LIMIT", 1]]
  [1m[35m (17.9ms)[0m  [1m[35mBEGIN[0m
  [1m[35m (0.2ms)[0m  [1m[35mCOMMIT[0m
  [1m[35m (0.4ms)[0m  [1m[34mSELECT pg_advisory_unlock(6540698671463456430)[0m
  [1m[35m (0.5ms)[0m  [1m[34mSELECT "schema_migrations"."version" FROM "schema_migrations" ORDER BY "schema_migrations"."version" ASC[0m
  [1m[35m (0.3ms)[0m  [1m[35mDROP DATABASE IF EXISTS "nba-team-search-api_development"[0m
  [1m[35m (0.3ms)[0m  [1m[35mDROP DATABASE IF EXISTS "nba-team-search-api_test"[0m
  [1m[35m (765.4ms)[0m  [1m[35mCREATE DATABASE "nba-team-search-api_development" ENCODING = 'unicode'[0m
  [1m[35m (807.3ms)[0m  [1m[35mCREATE DATABASE "nba-team-search-api_test" ENCODING = 'unicode'[0m
  [1m[35m (132.2ms)[0m  [1m[35mCREATE TABLE "schema_migrations" ("version" character varying NOT NULL PRIMARY KEY)[0m
  [1m[35m (28.1ms)[0m  [1m[35mCREATE TABLE "ar_internal_metadata" ("key" character varying NOT NULL PRIMARY KEY, "value" character varying, "created_at" timestamp NOT NULL, "updated_at" timestamp NOT NULL)[0m
  [1m[35m (5.7ms)[0m  [1m[34mSELECT pg_try_advisory_lock(6540698671463456430)[0m
  [1m[35m (0.8ms)[0m  [1m[34mSELECT "schema_migrations"."version" FROM "schema_migrations" ORDER BY "schema_migrations"."version" ASC[0m
Migrating to CreateTeams (20171120171627)
  [1m[35m (0.2ms)[0m  [1m[35mBEGIN[0m
  [1m[35m (80.1ms)[0m  [1m[35mCREATE TABLE "teams" ("id" bigserial primary key, "name" character varying, "wins" integer, "losses" integer, "logo_url" character varying, "created_at" timestamp NOT NULL, "updated_at" timestamp NOT NULL)[0m
  [1m[35mSQL (24.3ms)[0m  [1m[32mINSERT INTO "schema_migrations" ("version") VALUES ($1) RETURNING "version"[0m  [["version", "20171120171627"]]
  [1m[35m (5.3ms)[0m  [1m[35mCOMMIT[0m
Migrating to CreatePlayers (20171128181135)
  [1m[35m (6.4ms)[0m  [1m[35mBEGIN[0m
  [1m[35m (55.7ms)[0m  [1m[35mCREATE TABLE "players" ("id" bigserial primary key, "name" character varying, "height" integer, "weight" integer, "image_url" character varying, "team_id" integer DEFAULT 1, "created_at" timestamp NOT NULL, "updated_at" timestamp NOT NULL)[0m
  [1m[35mSQL (0.5ms)[0m  [1m[32mINSERT INTO "schema_migrations" ("version") VALUES ($1) RETURNING "version"[0m  [["version", "20171128181135"]]
  [1m[35m (11.6ms)[0m  [1m[35mCOMMIT[0m
Migrating to AddLikesToPlayers (20180116154211)
  [1m[35m (6.6ms)[0m  [1m[35mBEGIN[0m
  [1m[35m (27.6ms)[0m  [1m[35mALTER TABLE "players" ADD "likes" integer DEFAULT 0[0m
  [1m[35mSQL (0.6ms)[0m  [1m[32mINSERT INTO "schema_migrations" ("version") VALUES ($1) RETURNING "version"[0m  [["version", "20180116154211"]]
  [1m[35m (8.4ms)[0m  [1m[35mCOMMIT[0m
  [1m[36mActiveRecord::InternalMetadata Load (6.9ms)[0m  [1m[34mSELECT  "ar_internal_metadata".* FROM "ar_internal_metadata" WHERE "ar_internal_metadata"."key" = $1 LIMIT $2[0m  [["key", "environment"], ["LIMIT", 1]]
  [1m[35m (0.3ms)[0m  [1m[35mBEGIN[0m
  [1m[35mSQL (0.8ms)[0m  [1m[32mINSERT INTO "ar_internal_metadata" ("key", "value", "created_at", "updated_at") VALUES ($1, $2, $3, $4) RETURNING "key"[0m  [["key", "environment"], ["value", "development"], ["created_at", "2018-01-25 19:46:01.925536"], ["updated_at", "2018-01-25 19:46:01.925536"]]
  [1m[35m (5.9ms)[0m  [1m[35mCOMMIT[0m
  [1m[35m (0.4ms)[0m  [1m[34mSELECT pg_advisory_unlock(6540698671463456430)[0m
  [1m[35m (0.5ms)[0m  [1m[34mSELECT "schema_migrations"."version" FROM "schema_migrations" ORDER BY "schema_migrations"."version" ASC[0m
  [1m[35m (0.8ms)[0m  [1m[34mSELECT "schema_migrations"."version" FROM "schema_migrations" ORDER BY "schema_migrations"."version" ASC[0m
  [1m[35m (0.1ms)[0m  [1m[35mBEGIN[0m
  [1m[35mSQL (29.2ms)[0m  [1m[32mINSERT INTO "teams" ("name", "wins", "losses", "logo_url", "created_at", "updated_at") VALUES ($1, $2, $3, $4, $5, $6) RETURNING "id"[0m  [["name", "Warriors"], ["wins", 40], ["losses", 40], ["logo_url", "http://images.contentful.com/a4rx79jcl3n1/2N9qqpVHvqsQoisAAgAeGE/8ad3772823f592851acd87193b9a910f/logo-gsw-primary-blue.svg"], ["created_at", "2018-01-25 19:46:07.991779"], ["updated_at", "2018-01-25 19:46:07.991779"]]
  [1m[35m (5.9ms)[0m  [1m[35mCOMMIT[0m
  [1m[35m (0.1ms)[0m  [1m[35mBEGIN[0m
  [1m[35mSQL (0.4ms)[0m  [1m[32mINSERT INTO "teams" ("name", "wins", "losses", "logo_url", "created_at", "updated_at") VALUES ($1, $2, $3, $4, $5, $6) RETURNING "id"[0m  [["name", "Celtics"], ["wins", 40], ["losses", 40], ["logo_url", "https://pbs.twimg.com/profile_images/2815110476/033393c13e6dec0fd6cc5006453fbeb5_400x400.png"], ["created_at", "2018-01-25 19:46:08.029102"], ["updated_at", "2018-01-25 19:46:08.029102"]]
  [1m[35m (5.8ms)[0m  [1m[35mCOMMIT[0m
  [1m[35m (0.2ms)[0m  [1m[35mBEGIN[0m
  [1m[35mSQL (0.3ms)[0m  [1m[32mINSERT INTO "teams" ("name", "wins", "losses", "logo_url", "created_at", "updated_at") VALUES ($1, $2, $3, $4, $5, $6) RETURNING "id"[0m  [["name", "Lakers"], ["wins", 40], ["losses", 40], ["logo_url", "https://pbs.twimg.com/profile_images/923604432830439424/PmmLpTom.jpg"], ["created_at", "2018-01-25 19:46:08.037175"], ["updated_at", "2018-01-25 19:46:08.037175"]]
  [1m[35m (0.4ms)[0m  [1m[35mCOMMIT[0m
  [1m[35m (0.1ms)[0m  [1m[35mBEGIN[0m
  [1m[35mSQL (0.3ms)[0m  [1m[32mINSERT INTO "teams" ("name", "wins", "losses", "logo_url", "created_at", "updated_at") VALUES ($1, $2, $3, $4, $5, $6) RETURNING "id"[0m  [["name", "Blue Devils"], ["wins", 40], ["losses", 40], ["logo_url", "http://www.hufsd.edu/assets/images/2017/april/modal-4_04c.jpg"], ["created_at", "2018-01-25 19:46:08.039435"], ["updated_at", "2018-01-25 19:46:08.039435"]]
  [1m[35m (0.3ms)[0m  [1m[35mCOMMIT[0m
  [1m[35m (0.1ms)[0m  [1m[35mBEGIN[0m
  [1m[35mSQL (0.3ms)[0m  [1m[32mINSERT INTO "teams" ("name", "wins", "losses", "logo_url", "created_at", "updated_at") VALUES ($1, $2, $3, $4, $5, $6) RETURNING "id"[0m  [["name", "Manchester United"], ["wins", 40], ["losses", 40], ["logo_url", "https://www.hcltech.com/sites/default/files/left_mu.png"], ["created_at", "2018-01-25 19:46:08.041376"], ["updated_at", "2018-01-25 19:46:08.041376"]]
  [1m[35m (0.3ms)[0m  [1m[35mCOMMIT[0m
  [1m[35m (0.2ms)[0m  [1m[35mBEGIN[0m
  [1m[35mSQL (18.3ms)[0m  [1m[32mINSERT INTO "players" ("name", "height", "weight", "image_url", "team_id", "created_at", "updated_at", "likes") VALUES ($1, $2, $3, $4, $5, $6, $7, $8) RETURNING "id"[0m  [["name", "Kyrie Irving"], ["height", 190], ["weight", 200], ["image_url", "http://a.espncdn.com/combiner/i?img=/i/headshots/nba/players/full/6442.png&w=350&h=254"], ["team_id", 2], ["created_at", "2018-01-25 19:46:08.063825"], ["updated_at", "2018-01-25 19:46:08.063825"], ["likes", 5]]
  [1m[35m (6.5ms)[0m  [1m[35mCOMMIT[0m
  [1m[35m (0.2ms)[0m  [1m[35mBEGIN[0m
  [1m[35mSQL (0.6ms)[0m  [1m[32mINSERT INTO "players" ("name", "height", "weight", "image_url", "team_id", "created_at", "updated_at", "likes") VALUES ($1, $2, $3, $4, $5, $6, $7, $8) RETURNING "id"[0m  [["name", "Al Horford"], ["height", 210], ["weight", 200], ["image_url", "http://a.espncdn.com/combiner/i?img=/i/headshots/nba/players/full/3213.png&w=350&h=254"], ["team_id", 2], ["created_at", "2018-01-25 19:46:08.091121"], ["updated_at", "2018-01-25 19:46:08.091121"], ["likes", 5]]
  [1m[35m (6.1ms)[0m  [1m[35mCOMMIT[0m
  [1m[35m (0.2ms)[0m  [1m[35mBEGIN[0m
  [1m[35mSQL (0.5ms)[0m  [1m[32mINSERT INTO "players" ("name", "height", "weight", "image_url", "team_id", "created_at", "updated_at", "likes") VALUES ($1, $2, $3, $4, $5, $6, $7, $8) RETURNING "id"[0m  [["name", "Paul Pogba"], ["height", 190], ["weight", 200], ["image_url", "https://platform-static-files.s3.amazonaws.com/premierleague/photos/players/250x250/p74208.png"], ["team_id", 5], ["created_at", "2018-01-25 19:46:08.100142"], ["updated_at", "2018-01-25 19:46:08.100142"], ["likes", 5]]
  [1m[35m (0.4ms)[0m  [1m[35mCOMMIT[0m
  [1m[35m (0.1ms)[0m  [1m[35mBEGIN[0m
  [1m[35mSQL (0.4ms)[0m  [1m[32mINSERT INTO "players" ("name", "height", "weight", "image_url", "team_id", "created_at", "updated_at", "likes") VALUES ($1, $2, $3, $4, $5, $6, $7, $8) RETURNING "id"[0m  [["name", "David De Gea"], ["height", 190], ["weight", 200], ["image_url", "https://platform-static-files.s3.amazonaws.com/premierleague/photos/players/250x250/p51940.png"], ["team_id", 5], ["created_at", "2018-01-25 19:46:08.102898"], ["updated_at", "2018-01-25 19:46:08.102898"], ["likes", 5]]
  [1m[35m (0.5ms)[0m  [1m[35mCOMMIT[0m
  [1m[35m (0.2ms)[0m  [1m[35mBEGIN[0m
  [1m[35mSQL (0.4ms)[0m  [1m[32mINSERT INTO "players" ("name", "height", "weight", "image_url", "team_id", "created_at", "updated_at", "likes") VALUES ($1, $2, $3, $4, $5, $6, $7, $8) RETURNING "id"[0m  [["name", "Zlatan Ibrahimovic"], ["height", 190], ["weight", 200], ["image_url", "https://platform-static-files.s3.amazonaws.com/premierleague/photos/players/250x250/p9808.png"], ["team_id", 5], ["created_at", "2018-01-25 19:46:08.105563"], ["updated_at", "2018-01-25 19:46:08.105563"], ["likes", 5]]
  [1m[35m (0.4ms)[0m  [1m[35mCOMMIT[0m
  [1m[35m (0.1ms)[0m  [1m[35mBEGIN[0m
  [1m[35mSQL (0.5ms)[0m  [1m[32mINSERT INTO "players" ("name", "height", "weight", "image_url", "team_id", "created_at", "updated_at", "likes") VALUES ($1, $2, $3, $4, $5, $6, $7, $8) RETURNING "id"[0m  [["name", "Kobe Bryant"], ["height", 200], ["weight", 200], ["image_url", "http://a.espncdn.com/combiner/i?img=/i/headshots/nba/players/full/110.png&w=350&h=254"], ["team_id", 3], ["created_at", "2018-01-25 19:46:08.107916"], ["updated_at", "2018-01-25 19:46:08.107916"], ["likes", 5]]
  [1m[35m (0.4ms)[0m  [1m[35mCOMMIT[0m
  [1m[35m (0.1ms)[0m  [1m[35mBEGIN[0m
  [1m[35mSQL (0.4ms)[0m  [1m[32mINSERT INTO "players" ("name", "height", "weight", "image_url", "team_id", "created_at", "updated_at", "likes") VALUES ($1, $2, $3, $4, $5, $6, $7, $8) RETURNING "id"[0m  [["name", "Kyle Kuzma"], ["height", 200], ["weight", 200], ["image_url", "http://a.espncdn.com/combiner/i?img=/i/headshots/nba/players/full/3134907.png&w=350&h=254"], ["team_id", 3], ["created_at", "2018-01-25 19:46:08.110365"], ["updated_at", "2018-01-25 19:46:08.110365"], ["likes", 5]]
  [1m[35m (0.5ms)[0m  [1m[35mCOMMIT[0m
  [1m[35m (0.1ms)[0m  [1m[35mBEGIN[0m
  [1m[35mSQL (0.4ms)[0m  [1m[32mINSERT INTO "players" ("name", "height", "weight", "image_url", "created_at", "updated_at", "likes") VALUES ($1, $2, $3, $4, $5, $6, $7) RETURNING "id"[0m  [["name", "Stephen Curry"], ["height", 200], ["weight", 200], ["image_url", "http://a.espncdn.com/combiner/i?img=/i/headshots/nba/players/full/3975.png&w=350&h=254"], ["created_at", "2018-01-25 19:46:08.112851"], ["updated_at", "2018-01-25 19:46:08.112851"], ["likes", 5]]
  [1m[35m (0.4ms)[0m  [1m[35mCOMMIT[0m
  [1m[35m (0.2ms)[0m  [1m[35mBEGIN[0m
  [1m[35mSQL (0.4ms)[0m  [1m[32mINSERT INTO "players" ("name", "height", "weight", "image_url", "created_at", "updated_at", "likes") VALUES ($1, $2, $3, $4, $5, $6, $7) RETURNING "id"[0m  [["name", "Kevin Durant"], ["height", 200], ["weight", 200], ["image_url", "http://a.espncdn.com/combiner/i?img=/i/headshots/nba/players/full/3202.png&w=350&h=254"], ["created_at", "2018-01-25 19:46:08.115404"], ["updated_at", "2018-01-25 19:46:08.115404"], ["likes", 5]]
  [1m[35m (0.4ms)[0m  [1m[35mCOMMIT[0m
  [1m[35m (0.1ms)[0m  [1m[35mBEGIN[0m
  [1m[35mSQL (1.1ms)[0m  [1m[32mINSERT INTO "players" ("name", "height", "weight", "image_url", "created_at", "updated_at", "likes") VALUES ($1, $2, $3, $4, $5, $6, $7) RETURNING "id"[0m  [["name", "Klay Thompson"], ["height", 200], ["weight", 200], ["image_url", "http://a.espncdn.com/combiner/i?img=/i/headshots/nba/players/full/6475.png&w=350&h=254"], ["created_at", "2018-01-25 19:46:08.117565"], ["updated_at", "2018-01-25 19:46:08.117565"], ["likes", 5]]
  [1m[35m (0.4ms)[0m  [1m[35mCOMMIT[0m
